-------------------------------------------------------------------------------
Test set: pt.SearchInRotatedSortedArrayTest
-------------------------------------------------------------------------------
Tests run: 7, Failures: 0, Errors: 1, Skipped: 0, Time elapsed: 0.007 sec <<< FAILURE!
shouldSearchInRotatedSortedArrayCaseSeven(pt.SearchInRotatedSortedArrayTest)  Time elapsed: 0.006 sec  <<< ERROR!
java.lang.StackOverflowError
	at arrays.SearchInRotatedSortedArray.checkIndexAtWhichIndexRotationHasHappened(SearchInRotatedSortedArray.java:80)
	at arrays.SearchInRotatedSortedArray.checkIndexAtWhichIndexRotationHasHappened(SearchInRotatedSortedArray.java:80)
	at arrays.SearchInRotatedSortedArray.checkIndexAtWhichIndexRotationHasHappened(SearchInRotatedSortedArray.java:80)
	at arrays.SearchInRotatedSortedArray.checkIndexAtWhichIndexRotationHasHappened(SearchInRotatedSortedArray.java:80)
	at arrays.SearchInRotatedSortedArray.checkIndexAtWhichIndexRotationHasHappened(SearchInRotatedSortedArray.java:80)
	at arrays.SearchInRotatedSortedArray.checkIndexAtWhichIndexRotationHasHappened(SearchInRotatedSortedArray.java:80)
	at arrays.SearchInRotatedSortedArray.checkIndexAtWhichIndexRotationHasHappened(SearchInRotatedSortedArray.java:80)
	at arrays.SearchInRotatedSortedArray.checkIndexAtWhichIndexRotationHasHappened(SearchInRotatedSortedArray.java:80)
	at arrays.SearchInRotatedSortedArray.checkIndexAtWhichIndexRotationHasHappened(SearchInRotatedSortedArray.java:80)
	at arrays.SearchInRotatedSortedArray.checkIndexAtWhichIndexRotationHasHappened(SearchInRotatedSortedArray.java:80)
	at arrays.SearchInRotatedSortedArray.checkIndexAtWhichIndexRotationHasHappened(SearchInRotatedSortedArray.java:80)
	at arrays.SearchInRotatedSortedArray.checkIndexAtWhichIndexRotationHasHappened(SearchInRotatedSortedArray.java:80)
	at arrays.SearchInRotatedSortedArray.checkIndexAtWhichIndexRotationHasHappened(SearchInRotatedSortedArray.java:80)
	at arrays.SearchInRotatedSortedArray.checkIndexAtWhichIndexRotationHasHappened(SearchInRotatedSortedArray.java:80)
	at arrays.SearchInRotatedSortedArray.checkIndexAtWhichIndexRotationHasHappened(SearchInRotatedSortedArray.java:80)
	at arrays.SearchInRotatedSortedArray.checkIndexAtWhichIndexRotationHasHappened(SearchInRotatedSortedArray.java:80)
	at arrays.SearchInRotatedSortedArray.checkIndexAtWhichIndexRotationHasHappened(SearchInRotatedSortedArray.java:80)
	at arrays.SearchInRotatedSortedArray.checkIndexAtWhichIndexRotationHasHappened(SearchInRotatedSortedArray.java:80)
	at arrays.SearchInRotatedSortedArray.checkIndexAtWhichIndexRotationHasHappened(SearchInRotatedSortedArray.java:80)
	at arrays.SearchInRotatedSortedArray.checkIndexAtWhichIndexRotationHasHappened(SearchInRotatedSortedArray.java:80)
	at arrays.SearchInRotatedSortedArray.checkIndexAtWhichIndexRotationHasHappened(SearchInRotatedSortedArray.java:80)
	at arrays.SearchInRotatedSortedArray.checkIndexAtWhichIndexRotationHasHappened(SearchInRotatedSortedArray.java:80)
	at arrays.SearchInRotatedSortedArray.checkIndexAtWhichIndexRotationHasHappened(SearchInRotatedSortedArray.java:80)
	at arrays.SearchInRotatedSortedArray.checkIndexAtWhichIndexRotationHasHappened(SearchInRotatedSortedArray.java:80)
	at arrays.SearchInRotatedSortedArray.checkIndexAtWhichIndexRotationHasHappened(SearchInRotatedSortedArray.java:80)
	at arrays.SearchInRotatedSortedArray.checkIndexAtWhichIndexRotationHasHappened(SearchInRotatedSortedArray.java:80)
	at arrays.SearchInRotatedSortedArray.checkIndexAtWhichIndexRotationHasHappened(SearchInRotatedSortedArray.java:80)
	at arrays.SearchInRotatedSortedArray.checkIndexAtWhichIndexRotationHasHappened(SearchInRotatedSortedArray.java:80)
	at arrays.SearchInRotatedSortedArray.checkIndexAtWhichIndexRotationHasHappened(SearchInRotatedSortedArray.java:80)
	at arrays.SearchInRotatedSortedArray.checkIndexAtWhichIndexRotationHasHappened(SearchInRotatedSortedArray.java:80)
	at arrays.SearchInRotatedSortedArray.checkIndexAtWhichIndexRotationHasHappened(SearchInRotatedSortedArray.java:80)
	at arrays.SearchInRotatedSortedArray.checkIndexAtWhichIndexRotationHasHappened(SearchInRotatedSortedArray.java:80)
	at arrays.SearchInRotatedSortedArray.checkIndexAtWhichIndexRotationHasHappened(SearchInRotatedSortedArray.java:80)
	at arrays.SearchInRotatedSortedArray.checkIndexAtWhichIndexRotationHasHappened(SearchInRotatedSortedArray.java:80)
	at arrays.SearchInRotatedSortedArray.checkIndexAtWhichIndexRotationHasHappened(SearchInRotatedSortedArray.java:80)
	at arrays.SearchInRotatedSortedArray.checkIndexAtWhichIndexRotationHasHappened(SearchInRotatedSortedArray.java:80)
	at arrays.SearchInRotatedSortedArray.checkIndexAtWhichIndexRotationHasHappened(SearchInRotatedSortedArray.java:80)
	at arrays.SearchInRotatedSortedArray.checkIndexAtWhichIndexRotationHasHappened(SearchInRotatedSortedArray.java:80)
	at arrays.SearchInRotatedSortedArray.checkIndexAtWhichIndexRotationHasHappened(SearchInRotatedSortedArray.java:80)
	at arrays.SearchInRotatedSortedArray.checkIndexAtWhichIndexRotationHasHappened(SearchInRotatedSortedArray.java:80)
	at arrays.SearchInRotatedSortedArray.checkIndexAtWhichIndexRotationHasHappened(SearchInRotatedSortedArray.java:80)
	at arrays.SearchInRotatedSortedArray.checkIndexAtWhichIndexRotationHasHappened(SearchInRotatedSortedArray.java:80)
	at arrays.SearchInRotatedSortedArray.checkIndexAtWhichIndexRotationHasHappened(SearchInRotatedSortedArray.java:80)
	at arrays.SearchInRotatedSortedArray.checkIndexAtWhichIndexRotationHasHappened(SearchInRotatedSortedArray.java:80)
	at arrays.SearchInRotatedSortedArray.checkIndexAtWhichIndexRotationHasHappened(SearchInRotatedSortedArray.java:80)
	at arrays.SearchInRotatedSortedArray.checkIndexAtWhichIndexRotationHasHappened(SearchInRotatedSortedArray.java:80)
	at arrays.SearchInRotatedSortedArray.checkIndexAtWhichIndexRotationHasHappened(SearchInRotatedSortedArray.java:80)
	at arrays.SearchInRotatedSortedArray.checkIndexAtWhichIndexRotationHasHappened(SearchInRotatedSortedArray.java:80)
	at arrays.SearchInRotatedSortedArray.checkIndexAtWhichIndexRotationHasHappened(SearchInRotatedSortedArray.java:80)
	at arrays.SearchInRotatedSortedArray.checkIndexAtWhichIndexRotationHasHappened(SearchInRotatedSortedArray.java:80)
	at arrays.SearchInRotatedSortedArray.checkIndexAtWhichIndexRotationHasHappened(SearchInRotatedSortedArray.java:80)
	at arrays.SearchInRotatedSortedArray.checkIndexAtWhichIndexRotationHasHappened(SearchInRotatedSortedArray.java:80)
	at arrays.SearchInRotatedSortedArray.checkIndexAtWhichIndexRotationHasHappened(SearchInRotatedSortedArray.java:80)
	at arrays.SearchInRotatedSortedArray.checkIndexAtWhichIndexRotationHasHappened(SearchInRotatedSortedArray.java:80)
	at arrays.SearchInRotatedSortedArray.checkIndexAtWhichIndexRotationHasHappened(SearchInRotatedSortedArray.java:80)
	at arrays.SearchInRotatedSortedArray.checkIndexAtWhichIndexRotationHasHappened(SearchInRotatedSortedArray.java:80)
	at arrays.SearchInRotatedSortedArray.checkIndexAtWhichIndexRotationHasHappened(SearchInRotatedSortedArray.java:80)
	at arrays.SearchInRotatedSortedArray.checkIndexAtWhichIndexRotationHasHappened(SearchInRotatedSortedArray.java:80)
	at arrays.SearchInRotatedSortedArray.checkIndexAtWhichIndexRotationHasHappened(SearchInRotatedSortedArray.java:80)
	at arrays.SearchInRotatedSortedArray.checkIndexAtWhichIndexRotationHasHappened(SearchInRotatedSortedArray.java:80)
	at arrays.SearchInRotatedSortedArray.checkIndexAtWhichIndexRotationHasHappened(SearchInRotatedSortedArray.java:80)
	at arrays.SearchInRotatedSortedArray.checkIndexAtWhichIndexRotationHasHappened(SearchInRotatedSortedArray.java:80)
	at arrays.SearchInRotatedSortedArray.checkIndexAtWhichIndexRotationHasHappened(SearchInRotatedSortedArray.java:80)
	at arrays.SearchInRotatedSortedArray.checkIndexAtWhichIndexRotationHasHappened(SearchInRotatedSortedArray.java:80)
	at arrays.SearchInRotatedSortedArray.checkIndexAtWhichIndexRotationHasHappened(SearchInRotatedSortedArray.java:80)
	at arrays.SearchInRotatedSortedArray.checkIndexAtWhichIndexRotationHasHappened(SearchInRotatedSortedArray.java:80)
	at arrays.SearchInRotatedSortedArray.checkIndexAtWhichIndexRotationHasHappened(SearchInRotatedSortedArray.java:80)
	at arrays.SearchInRotatedSortedArray.checkIndexAtWhichIndexRotationHasHappened(SearchInRotatedSortedArray.java:80)
	at arrays.SearchInRotatedSortedArray.checkIndexAtWhichIndexRotationHasHappened(SearchInRotatedSortedArray.java:80)
	at arrays.SearchInRotatedSortedArray.checkIndexAtWhichIndexRotationHasHappened(SearchInRotatedSortedArray.java:80)
	at arrays.SearchInRotatedSortedArray.checkIndexAtWhichIndexRotationHasHappened(SearchInRotatedSortedArray.java:80)
	at arrays.SearchInRotatedSortedArray.checkIndexAtWhichIndexRotationHasHappened(SearchInRotatedSortedArray.java:80)
	at arrays.SearchInRotatedSortedArray.checkIndexAtWhichIndexRotationHasHappened(SearchInRotatedSortedArray.java:80)
	at arrays.SearchInRotatedSortedArray.checkIndexAtWhichIndexRotationHasHappened(SearchInRotatedSortedArray.java:80)
	at arrays.SearchInRotatedSortedArray.checkIndexAtWhichIndexRotationHasHappened(SearchInRotatedSortedArray.java:80)
	at arrays.SearchInRotatedSortedArray.checkIndexAtWhichIndexRotationHasHappened(SearchInRotatedSortedArray.java:80)
	at arrays.SearchInRotatedSortedArray.checkIndexAtWhichIndexRotationHasHappened(SearchInRotatedSortedArray.java:80)
	at arrays.SearchInRotatedSortedArray.checkIndexAtWhichIndexRotationHasHappened(SearchInRotatedSortedArray.java:80)
	at arrays.SearchInRotatedSortedArray.checkIndexAtWhichIndexRotationHasHappened(SearchInRotatedSortedArray.java:80)
	at arrays.SearchInRotatedSortedArray.checkIndexAtWhichIndexRotationHasHappened(SearchInRotatedSortedArray.java:80)
	at arrays.SearchInRotatedSortedArray.checkIndexAtWhichIndexRotationHasHappened(SearchInRotatedSortedArray.java:80)
	at arrays.SearchInRotatedSortedArray.checkIndexAtWhichIndexRotationHasHappened(SearchInRotatedSortedArray.java:80)
	at arrays.SearchInRotatedSortedArray.checkIndexAtWhichIndexRotationHasHappened(SearchInRotatedSortedArray.java:80)
	at arrays.SearchInRotatedSortedArray.checkIndexAtWhichIndexRotationHasHappened(SearchInRotatedSortedArray.java:80)
	at arrays.SearchInRotatedSortedArray.checkIndexAtWhichIndexRotationHasHappened(SearchInRotatedSortedArray.java:80)
	at arrays.SearchInRotatedSortedArray.checkIndexAtWhichIndexRotationHasHappened(SearchInRotatedSortedArray.java:80)
	at arrays.SearchInRotatedSortedArray.checkIndexAtWhichIndexRotationHasHappened(SearchInRotatedSortedArray.java:80)
	at arrays.SearchInRotatedSortedArray.checkIndexAtWhichIndexRotationHasHappened(SearchInRotatedSortedArray.java:80)
	at arrays.SearchInRotatedSortedArray.checkIndexAtWhichIndexRotationHasHappened(SearchInRotatedSortedArray.java:80)
	at arrays.SearchInRotatedSortedArray.checkIndexAtWhichIndexRotationHasHappened(SearchInRotatedSortedArray.java:80)
	at arrays.SearchInRotatedSortedArray.checkIndexAtWhichIndexRotationHasHappened(SearchInRotatedSortedArray.java:80)
	at arrays.SearchInRotatedSortedArray.checkIndexAtWhichIndexRotationHasHappened(SearchInRotatedSortedArray.java:80)
	at arrays.SearchInRotatedSortedArray.checkIndexAtWhichIndexRotationHasHappened(SearchInRotatedSortedArray.java:80)
	at arrays.SearchInRotatedSortedArray.checkIndexAtWhichIndexRotationHasHappened(SearchInRotatedSortedArray.java:80)
	at arrays.SearchInRotatedSortedArray.checkIndexAtWhichIndexRotationHasHappened(SearchInRotatedSortedArray.java:80)
	at arrays.SearchInRotatedSortedArray.checkIndexAtWhichIndexRotationHasHappened(SearchInRotatedSortedArray.java:80)
	at arrays.SearchInRotatedSortedArray.checkIndexAtWhichIndexRotationHasHappened(SearchInRotatedSortedArray.java:80)
	at arrays.SearchInRotatedSortedArray.checkIndexAtWhichIndexRotationHasHappened(SearchInRotatedSortedArray.java:80)
	at arrays.SearchInRotatedSortedArray.checkIndexAtWhichIndexRotationHasHappened(SearchInRotatedSortedArray.java:80)
	at arrays.SearchInRotatedSortedArray.checkIndexAtWhichIndexRotationHasHappened(SearchInRotatedSortedArray.java:80)
	at arrays.SearchInRotatedSortedArray.checkIndexAtWhichIndexRotationHasHappened(SearchInRotatedSortedArray.java:80)
	at arrays.SearchInRotatedSortedArray.checkIndexAtWhichIndexRotationHasHappened(SearchInRotatedSortedArray.java:80)
	at arrays.SearchInRotatedSortedArray.checkIndexAtWhichIndexRotationHasHappened(SearchInRotatedSortedArray.java:80)
	at arrays.SearchInRotatedSortedArray.checkIndexAtWhichIndexRotationHasHappened(SearchInRotatedSortedArray.java:80)
	at arrays.SearchInRotatedSortedArray.checkIndexAtWhichIndexRotationHasHappened(SearchInRotatedSortedArray.java:80)
	at arrays.SearchInRotatedSortedArray.checkIndexAtWhichIndexRotationHasHappened(SearchInRotatedSortedArray.java:80)
	at arrays.SearchInRotatedSortedArray.checkIndexAtWhichIndexRotationHasHappened(SearchInRotatedSortedArray.java:80)
	at arrays.SearchInRotatedSortedArray.checkIndexAtWhichIndexRotationHasHappened(SearchInRotatedSortedArray.java:80)
	at arrays.SearchInRotatedSortedArray.checkIndexAtWhichIndexRotationHasHappened(SearchInRotatedSortedArray.java:80)
	at arrays.SearchInRotatedSortedArray.checkIndexAtWhichIndexRotationHasHappened(SearchInRotatedSortedArray.java:80)
	at arrays.SearchInRotatedSortedArray.checkIndexAtWhichIndexRotationHasHappened(SearchInRotatedSortedArray.java:80)
	at arrays.SearchInRotatedSortedArray.checkIndexAtWhichIndexRotationHasHappened(SearchInRotatedSortedArray.java:80)
	at arrays.SearchInRotatedSortedArray.checkIndexAtWhichIndexRotationHasHappened(SearchInRotatedSortedArray.java:80)
	at arrays.SearchInRotatedSortedArray.checkIndexAtWhichIndexRotationHasHappened(SearchInRotatedSortedArray.java:80)
	at arrays.SearchInRotatedSortedArray.checkIndexAtWhichIndexRotationHasHappened(SearchInRotatedSortedArray.java:80)
	at arrays.SearchInRotatedSortedArray.checkIndexAtWhichIndexRotationHasHappened(SearchInRotatedSortedArray.java:80)
	at arrays.SearchInRotatedSortedArray.checkIndexAtWhichIndexRotationHasHappened(SearchInRotatedSortedArray.java:80)
	at arrays.SearchInRotatedSortedArray.checkIndexAtWhichIndexRotationHasHappened(SearchInRotatedSortedArray.java:80)
	at arrays.SearchInRotatedSortedArray.checkIndexAtWhichIndexRotationHasHappened(SearchInRotatedSortedArray.java:80)
	at arrays.SearchInRotatedSortedArray.checkIndexAtWhichIndexRotationHasHappened(SearchInRotatedSortedArray.java:80)
	at arrays.SearchInRotatedSortedArray.checkIndexAtWhichIndexRotationHasHappened(SearchInRotatedSortedArray.java:80)
	at arrays.SearchInRotatedSortedArray.checkIndexAtWhichIndexRotationHasHappened(SearchInRotatedSortedArray.java:80)
	at arrays.SearchInRotatedSortedArray.checkIndexAtWhichIndexRotationHasHappened(SearchInRotatedSortedArray.java:80)
	at arrays.SearchInRotatedSortedArray.checkIndexAtWhichIndexRotationHasHappened(SearchInRotatedSortedArray.java:80)
	at arrays.SearchInRotatedSortedArray.checkIndexAtWhichIndexRotationHasHappened(SearchInRotatedSortedArray.java:80)
	at arrays.SearchInRotatedSortedArray.checkIndexAtWhichIndexRotationHasHappened(SearchInRotatedSortedArray.java:80)
	at arrays.SearchInRotatedSortedArray.checkIndexAtWhichIndexRotationHasHappened(SearchInRotatedSortedArray.java:80)
	at arrays.SearchInRotatedSortedArray.checkIndexAtWhichIndexRotationHasHappened(SearchInRotatedSortedArray.java:80)
	at arrays.SearchInRotatedSortedArray.checkIndexAtWhichIndexRotationHasHappened(SearchInRotatedSortedArray.java:80)
	at arrays.SearchInRotatedSortedArray.checkIndexAtWhichIndexRotationHasHappened(SearchInRotatedSortedArray.java:80)
	at arrays.SearchInRotatedSortedArray.checkIndexAtWhichIndexRotationHasHappened(SearchInRotatedSortedArray.java:80)
	at arrays.SearchInRotatedSortedArray.checkIndexAtWhichIndexRotationHasHappened(SearchInRotatedSortedArray.java:80)
	at arrays.SearchInRotatedSortedArray.checkIndexAtWhichIndexRotationHasHappened(SearchInRotatedSortedArray.java:80)
	at arrays.SearchInRotatedSortedArray.checkIndexAtWhichIndexRotationHasHappened(SearchInRotatedSortedArray.java:80)
	at arrays.SearchInRotatedSortedArray.checkIndexAtWhichIndexRotationHasHappened(SearchInRotatedSortedArray.java:80)
	at arrays.SearchInRotatedSortedArray.checkIndexAtWhichIndexRotationHasHappened(SearchInRotatedSortedArray.java:80)
	at arrays.SearchInRotatedSortedArray.checkIndexAtWhichIndexRotationHasHappened(SearchInRotatedSortedArray.java:80)
	at arrays.SearchInRotatedSortedArray.checkIndexAtWhichIndexRotationHasHappened(SearchInRotatedSortedArray.java:80)
	at arrays.SearchInRotatedSortedArray.checkIndexAtWhichIndexRotationHasHappened(SearchInRotatedSortedArray.java:80)
	at arrays.SearchInRotatedSortedArray.checkIndexAtWhichIndexRotationHasHappened(SearchInRotatedSortedArray.java:80)
	at arrays.SearchInRotatedSortedArray.checkIndexAtWhichIndexRotationHasHappened(SearchInRotatedSortedArray.java:80)
	at arrays.SearchInRotatedSortedArray.checkIndexAtWhichIndexRotationHasHappened(SearchInRotatedSortedArray.java:80)
	at arrays.SearchInRotatedSortedArray.checkIndexAtWhichIndexRotationHasHappened(SearchInRotatedSortedArray.java:80)
	at arrays.SearchInRotatedSortedArray.checkIndexAtWhichIndexRotationHasHappened(SearchInRotatedSortedArray.java:80)
	at arrays.SearchInRotatedSortedArray.checkIndexAtWhichIndexRotationHasHappened(SearchInRotatedSortedArray.java:80)
	at arrays.SearchInRotatedSortedArray.checkIndexAtWhichIndexRotationHasHappened(SearchInRotatedSortedArray.java:80)
	at arrays.SearchInRotatedSortedArray.checkIndexAtWhichIndexRotationHasHappened(SearchInRotatedSortedArray.java:80)
	at arrays.SearchInRotatedSortedArray.checkIndexAtWhichIndexRotationHasHappened(SearchInRotatedSortedArray.java:80)
	at arrays.SearchInRotatedSortedArray.checkIndexAtWhichIndexRotationHasHappened(SearchInRotatedSortedArray.java:80)
	at arrays.SearchInRotatedSortedArray.checkIndexAtWhichIndexRotationHasHappened(SearchInRotatedSortedArray.java:80)
	at arrays.SearchInRotatedSortedArray.checkIndexAtWhichIndexRotationHasHappened(SearchInRotatedSortedArray.java:80)
	at arrays.SearchInRotatedSortedArray.checkIndexAtWhichIndexRotationHasHappened(SearchInRotatedSortedArray.java:80)
	at arrays.SearchInRotatedSortedArray.checkIndexAtWhichIndexRotationHasHappened(SearchInRotatedSortedArray.java:80)
	at arrays.SearchInRotatedSortedArray.checkIndexAtWhichIndexRotationHasHappened(SearchInRotatedSortedArray.java:80)
	at arrays.SearchInRotatedSortedArray.checkIndexAtWhichIndexRotationHasHappened(SearchInRotatedSortedArray.java:80)
	at arrays.SearchInRotatedSortedArray.checkIndexAtWhichIndexRotationHasHappened(SearchInRotatedSortedArray.java:80)
	at arrays.SearchInRotatedSortedArray.checkIndexAtWhichIndexRotationHasHappened(SearchInRotatedSortedArray.java:80)
	at arrays.SearchInRotatedSortedArray.checkIndexAtWhichIndexRotationHasHappened(SearchInRotatedSortedArray.java:80)
	at arrays.SearchInRotatedSortedArray.checkIndexAtWhichIndexRotationHasHappened(SearchInRotatedSortedArray.java:80)
	at arrays.SearchInRotatedSortedArray.checkIndexAtWhichIndexRotationHasHappened(SearchInRotatedSortedArray.java:80)
	at arrays.SearchInRotatedSortedArray.checkIndexAtWhichIndexRotationHasHappened(SearchInRotatedSortedArray.java:80)
	at arrays.SearchInRotatedSortedArray.checkIndexAtWhichIndexRotationHasHappened(SearchInRotatedSortedArray.java:80)
	at arrays.SearchInRotatedSortedArray.checkIndexAtWhichIndexRotationHasHappened(SearchInRotatedSortedArray.java:80)
	at arrays.SearchInRotatedSortedArray.checkIndexAtWhichIndexRotationHasHappened(SearchInRotatedSortedArray.java:80)
	at arrays.SearchInRotatedSortedArray.checkIndexAtWhichIndexRotationHasHappened(SearchInRotatedSortedArray.java:80)
	at arrays.SearchInRotatedSortedArray.checkIndexAtWhichIndexRotationHasHappened(SearchInRotatedSortedArray.java:80)
	at arrays.SearchInRotatedSortedArray.checkIndexAtWhichIndexRotationHasHappened(SearchInRotatedSortedArray.java:80)
	at arrays.SearchInRotatedSortedArray.checkIndexAtWhichIndexRotationHasHappened(SearchInRotatedSortedArray.java:80)
	at arrays.SearchInRotatedSortedArray.checkIndexAtWhichIndexRotationHasHappened(SearchInRotatedSortedArray.java:80)
	at arrays.SearchInRotatedSortedArray.checkIndexAtWhichIndexRotationHasHappened(SearchInRotatedSortedArray.java:80)
	at arrays.SearchInRotatedSortedArray.checkIndexAtWhichIndexRotationHasHappened(SearchInRotatedSortedArray.java:80)
	at arrays.SearchInRotatedSortedArray.checkIndexAtWhichIndexRotationHasHappened(SearchInRotatedSortedArray.java:80)
	at arrays.SearchInRotatedSortedArray.checkIndexAtWhichIndexRotationHasHappened(SearchInRotatedSortedArray.java:80)
	at arrays.SearchInRotatedSortedArray.checkIndexAtWhichIndexRotationHasHappened(SearchInRotatedSortedArray.java:80)
	at arrays.SearchInRotatedSortedArray.checkIndexAtWhichIndexRotationHasHappened(SearchInRotatedSortedArray.java:80)
	at arrays.SearchInRotatedSortedArray.checkIndexAtWhichIndexRotationHasHappened(SearchInRotatedSortedArray.java:80)
	at arrays.SearchInRotatedSortedArray.checkIndexAtWhichIndexRotationHasHappened(SearchInRotatedSortedArray.java:80)
	at arrays.SearchInRotatedSortedArray.checkIndexAtWhichIndexRotationHasHappened(SearchInRotatedSortedArray.java:80)
	at arrays.SearchInRotatedSortedArray.checkIndexAtWhichIndexRotationHasHappened(SearchInRotatedSortedArray.java:80)
	at arrays.SearchInRotatedSortedArray.checkIndexAtWhichIndexRotationHasHappened(SearchInRotatedSortedArray.java:80)
	at arrays.SearchInRotatedSortedArray.checkIndexAtWhichIndexRotationHasHappened(SearchInRotatedSortedArray.java:80)
	at arrays.SearchInRotatedSortedArray.checkIndexAtWhichIndexRotationHasHappened(SearchInRotatedSortedArray.java:80)
	at arrays.SearchInRotatedSortedArray.checkIndexAtWhichIndexRotationHasHappened(SearchInRotatedSortedArray.java:80)
	at arrays.SearchInRotatedSortedArray.checkIndexAtWhichIndexRotationHasHappened(SearchInRotatedSortedArray.java:80)
	at arrays.SearchInRotatedSortedArray.checkIndexAtWhichIndexRotationHasHappened(SearchInRotatedSortedArray.java:80)
	at arrays.SearchInRotatedSortedArray.checkIndexAtWhichIndexRotationHasHappened(SearchInRotatedSortedArray.java:80)
	at arrays.SearchInRotatedSortedArray.checkIndexAtWhichIndexRotationHasHappened(SearchInRotatedSortedArray.java:80)
	at arrays.SearchInRotatedSortedArray.checkIndexAtWhichIndexRotationHasHappened(SearchInRotatedSortedArray.java:80)
	at arrays.SearchInRotatedSortedArray.checkIndexAtWhichIndexRotationHasHappened(SearchInRotatedSortedArray.java:80)
	at arrays.SearchInRotatedSortedArray.checkIndexAtWhichIndexRotationHasHappened(SearchInRotatedSortedArray.java:80)
	at arrays.SearchInRotatedSortedArray.checkIndexAtWhichIndexRotationHasHappened(SearchInRotatedSortedArray.java:80)
	at arrays.SearchInRotatedSortedArray.checkIndexAtWhichIndexRotationHasHappened(SearchInRotatedSortedArray.java:80)
	at arrays.SearchInRotatedSortedArray.checkIndexAtWhichIndexRotationHasHappened(SearchInRotatedSortedArray.java:80)
	at arrays.SearchInRotatedSortedArray.checkIndexAtWhichIndexRotationHasHappened(SearchInRotatedSortedArray.java:80)
	at arrays.SearchInRotatedSortedArray.checkIndexAtWhichIndexRotationHasHappened(SearchInRotatedSortedArray.java:80)
	at arrays.SearchInRotatedSortedArray.checkIndexAtWhichIndexRotationHasHappened(SearchInRotatedSortedArray.java:80)
	at arrays.SearchInRotatedSortedArray.checkIndexAtWhichIndexRotationHasHappened(SearchInRotatedSortedArray.java:80)
	at arrays.SearchInRotatedSortedArray.checkIndexAtWhichIndexRotationHasHappened(SearchInRotatedSortedArray.java:80)
	at arrays.SearchInRotatedSortedArray.checkIndexAtWhichIndexRotationHasHappened(SearchInRotatedSortedArray.java:80)
	at arrays.SearchInRotatedSortedArray.checkIndexAtWhichIndexRotationHasHappened(SearchInRotatedSortedArray.java:80)
	at arrays.SearchInRotatedSortedArray.checkIndexAtWhichIndexRotationHasHappened(SearchInRotatedSortedArray.java:80)
	at arrays.SearchInRotatedSortedArray.checkIndexAtWhichIndexRotationHasHappened(SearchInRotatedSortedArray.java:80)
	at arrays.SearchInRotatedSortedArray.checkIndexAtWhichIndexRotationHasHappened(SearchInRotatedSortedArray.java:80)
	at arrays.SearchInRotatedSortedArray.checkIndexAtWhichIndexRotationHasHappened(SearchInRotatedSortedArray.java:80)
	at arrays.SearchInRotatedSortedArray.checkIndexAtWhichIndexRotationHasHappened(SearchInRotatedSortedArray.java:80)
	at arrays.SearchInRotatedSortedArray.checkIndexAtWhichIndexRotationHasHappened(SearchInRotatedSortedArray.java:80)
	at arrays.SearchInRotatedSortedArray.checkIndexAtWhichIndexRotationHasHappened(SearchInRotatedSortedArray.java:80)
	at arrays.SearchInRotatedSortedArray.checkIndexAtWhichIndexRotationHasHappened(SearchInRotatedSortedArray.java:80)
	at arrays.SearchInRotatedSortedArray.checkIndexAtWhichIndexRotationHasHappened(SearchInRotatedSortedArray.java:80)
	at arrays.SearchInRotatedSortedArray.checkIndexAtWhichIndexRotationHasHappened(SearchInRotatedSortedArray.java:80)
	at arrays.SearchInRotatedSortedArray.checkIndexAtWhichIndexRotationHasHappened(SearchInRotatedSortedArray.java:80)
	at arrays.SearchInRotatedSortedArray.checkIndexAtWhichIndexRotationHasHappened(SearchInRotatedSortedArray.java:80)
	at arrays.SearchInRotatedSortedArray.checkIndexAtWhichIndexRotationHasHappened(SearchInRotatedSortedArray.java:80)
	at arrays.SearchInRotatedSortedArray.checkIndexAtWhichIndexRotationHasHappened(SearchInRotatedSortedArray.java:80)
	at arrays.SearchInRotatedSortedArray.checkIndexAtWhichIndexRotationHasHappened(SearchInRotatedSortedArray.java:80)
	at arrays.SearchInRotatedSortedArray.checkIndexAtWhichIndexRotationHasHappened(SearchInRotatedSortedArray.java:80)
	at arrays.SearchInRotatedSortedArray.checkIndexAtWhichIndexRotationHasHappened(SearchInRotatedSortedArray.java:80)
	at arrays.SearchInRotatedSortedArray.checkIndexAtWhichIndexRotationHasHappened(SearchInRotatedSortedArray.java:80)
	at arrays.SearchInRotatedSortedArray.checkIndexAtWhichIndexRotationHasHappened(SearchInRotatedSortedArray.java:80)
	at arrays.SearchInRotatedSortedArray.checkIndexAtWhichIndexRotationHasHappened(SearchInRotatedSortedArray.java:80)
	at arrays.SearchInRotatedSortedArray.checkIndexAtWhichIndexRotationHasHappened(SearchInRotatedSortedArray.java:80)
	at arrays.SearchInRotatedSortedArray.checkIndexAtWhichIndexRotationHasHappened(SearchInRotatedSortedArray.java:80)
	at arrays.SearchInRotatedSortedArray.checkIndexAtWhichIndexRotationHasHappened(SearchInRotatedSortedArray.java:80)
	at arrays.SearchInRotatedSortedArray.checkIndexAtWhichIndexRotationHasHappened(SearchInRotatedSortedArray.java:80)
	at arrays.SearchInRotatedSortedArray.checkIndexAtWhichIndexRotationHasHappened(SearchInRotatedSortedArray.java:80)
	at arrays.SearchInRotatedSortedArray.checkIndexAtWhichIndexRotationHasHappened(SearchInRotatedSortedArray.java:80)
	at arrays.SearchInRotatedSortedArray.checkIndexAtWhichIndexRotationHasHappened(SearchInRotatedSortedArray.java:80)
	at arrays.SearchInRotatedSortedArray.checkIndexAtWhichIndexRotationHasHappened(SearchInRotatedSortedArray.java:80)
	at arrays.SearchInRotatedSortedArray.checkIndexAtWhichIndexRotationHasHappened(SearchInRotatedSortedArray.java:80)
	at arrays.SearchInRotatedSortedArray.checkIndexAtWhichIndexRotationHasHappened(SearchInRotatedSortedArray.java:80)
	at arrays.SearchInRotatedSortedArray.checkIndexAtWhichIndexRotationHasHappened(SearchInRotatedSortedArray.java:80)
	at arrays.SearchInRotatedSortedArray.checkIndexAtWhichIndexRotationHasHappened(SearchInRotatedSortedArray.java:80)
	at arrays.SearchInRotatedSortedArray.checkIndexAtWhichIndexRotationHasHappened(SearchInRotatedSortedArray.java:80)
	at arrays.SearchInRotatedSortedArray.checkIndexAtWhichIndexRotationHasHappened(SearchInRotatedSortedArray.java:80)
	at arrays.SearchInRotatedSortedArray.checkIndexAtWhichIndexRotationHasHappened(SearchInRotatedSortedArray.java:80)
	at arrays.SearchInRotatedSortedArray.checkIndexAtWhichIndexRotationHasHappened(SearchInRotatedSortedArray.java:80)
	at arrays.SearchInRotatedSortedArray.checkIndexAtWhichIndexRotationHasHappened(SearchInRotatedSortedArray.java:80)
	at arrays.SearchInRotatedSortedArray.checkIndexAtWhichIndexRotationHasHappened(SearchInRotatedSortedArray.java:80)
	at arrays.SearchInRotatedSortedArray.checkIndexAtWhichIndexRotationHasHappened(SearchInRotatedSortedArray.java:80)
	at arrays.SearchInRotatedSortedArray.checkIndexAtWhichIndexRotationHasHappened(SearchInRotatedSortedArray.java:80)
	at arrays.SearchInRotatedSortedArray.checkIndexAtWhichIndexRotationHasHappened(SearchInRotatedSortedArray.java:80)
	at arrays.SearchInRotatedSortedArray.checkIndexAtWhichIndexRotationHasHappened(SearchInRotatedSortedArray.java:80)
	at arrays.SearchInRotatedSortedArray.checkIndexAtWhichIndexRotationHasHappened(SearchInRotatedSortedArray.java:80)
	at arrays.SearchInRotatedSortedArray.checkIndexAtWhichIndexRotationHasHappened(SearchInRotatedSortedArray.java:80)
	at arrays.SearchInRotatedSortedArray.checkIndexAtWhichIndexRotationHasHappened(SearchInRotatedSortedArray.java:80)
	at arrays.SearchInRotatedSortedArray.checkIndexAtWhichIndexRotationHasHappened(SearchInRotatedSortedArray.java:80)
	at arrays.SearchInRotatedSortedArray.checkIndexAtWhichIndexRotationHasHappened(SearchInRotatedSortedArray.java:80)
	at arrays.SearchInRotatedSortedArray.checkIndexAtWhichIndexRotationHasHappened(SearchInRotatedSortedArray.java:80)
	at arrays.SearchInRotatedSortedArray.checkIndexAtWhichIndexRotationHasHappened(SearchInRotatedSortedArray.java:80)
	at arrays.SearchInRotatedSortedArray.checkIndexAtWhichIndexRotationHasHappened(SearchInRotatedSortedArray.java:80)
	at arrays.SearchInRotatedSortedArray.checkIndexAtWhichIndexRotationHasHappened(SearchInRotatedSortedArray.java:80)
	at arrays.SearchInRotatedSortedArray.checkIndexAtWhichIndexRotationHasHappened(SearchInRotatedSortedArray.java:80)
	at arrays.SearchInRotatedSortedArray.checkIndexAtWhichIndexRotationHasHappened(SearchInRotatedSortedArray.java:80)
	at arrays.SearchInRotatedSortedArray.checkIndexAtWhichIndexRotationHasHappened(SearchInRotatedSortedArray.java:80)
	at arrays.SearchInRotatedSortedArray.checkIndexAtWhichIndexRotationHasHappened(SearchInRotatedSortedArray.java:80)
	at arrays.SearchInRotatedSortedArray.checkIndexAtWhichIndexRotationHasHappened(SearchInRotatedSortedArray.java:80)
	at arrays.SearchInRotatedSortedArray.checkIndexAtWhichIndexRotationHasHappened(SearchInRotatedSortedArray.java:80)
	at arrays.SearchInRotatedSortedArray.checkIndexAtWhichIndexRotationHasHappened(SearchInRotatedSortedArray.java:80)
	at arrays.SearchInRotatedSortedArray.checkIndexAtWhichIndexRotationHasHappened(SearchInRotatedSortedArray.java:80)
	at arrays.SearchInRotatedSortedArray.checkIndexAtWhichIndexRotationHasHappened(SearchInRotatedSortedArray.java:80)
	at arrays.SearchInRotatedSortedArray.checkIndexAtWhichIndexRotationHasHappened(SearchInRotatedSortedArray.java:80)
	at arrays.SearchInRotatedSortedArray.checkIndexAtWhichIndexRotationHasHappened(SearchInRotatedSortedArray.java:80)
	at arrays.SearchInRotatedSortedArray.checkIndexAtWhichIndexRotationHasHappened(SearchInRotatedSortedArray.java:80)
	at arrays.SearchInRotatedSortedArray.checkIndexAtWhichIndexRotationHasHappened(SearchInRotatedSortedArray.java:80)
	at arrays.SearchInRotatedSortedArray.checkIndexAtWhichIndexRotationHasHappened(SearchInRotatedSortedArray.java:80)
	at arrays.SearchInRotatedSortedArray.checkIndexAtWhichIndexRotationHasHappened(SearchInRotatedSortedArray.java:80)
	at arrays.SearchInRotatedSortedArray.checkIndexAtWhichIndexRotationHasHappened(SearchInRotatedSortedArray.java:80)
	at arrays.SearchInRotatedSortedArray.checkIndexAtWhichIndexRotationHasHappened(SearchInRotatedSortedArray.java:80)
	at arrays.SearchInRotatedSortedArray.checkIndexAtWhichIndexRotationHasHappened(SearchInRotatedSortedArray.java:80)
	at arrays.SearchInRotatedSortedArray.checkIndexAtWhichIndexRotationHasHappened(SearchInRotatedSortedArray.java:80)
	at arrays.SearchInRotatedSortedArray.checkIndexAtWhichIndexRotationHasHappened(SearchInRotatedSortedArray.java:80)
	at arrays.SearchInRotatedSortedArray.checkIndexAtWhichIndexRotationHasHappened(SearchInRotatedSortedArray.java:80)
	at arrays.SearchInRotatedSortedArray.checkIndexAtWhichIndexRotationHasHappened(SearchInRotatedSortedArray.java:80)
	at arrays.SearchInRotatedSortedArray.checkIndexAtWhichIndexRotationHasHappened(SearchInRotatedSortedArray.java:80)
	at arrays.SearchInRotatedSortedArray.checkIndexAtWhichIndexRotationHasHappened(SearchInRotatedSortedArray.java:80)
	at arrays.SearchInRotatedSortedArray.checkIndexAtWhichIndexRotationHasHappened(SearchInRotatedSortedArray.java:80)
	at arrays.SearchInRotatedSortedArray.checkIndexAtWhichIndexRotationHasHappened(SearchInRotatedSortedArray.java:80)
	at arrays.SearchInRotatedSortedArray.checkIndexAtWhichIndexRotationHasHappened(SearchInRotatedSortedArray.java:80)
	at arrays.SearchInRotatedSortedArray.checkIndexAtWhichIndexRotationHasHappened(SearchInRotatedSortedArray.java:80)
	at arrays.SearchInRotatedSortedArray.checkIndexAtWhichIndexRotationHasHappened(SearchInRotatedSortedArray.java:80)
	at arrays.SearchInRotatedSortedArray.checkIndexAtWhichIndexRotationHasHappened(SearchInRotatedSortedArray.java:80)
	at arrays.SearchInRotatedSortedArray.checkIndexAtWhichIndexRotationHasHappened(SearchInRotatedSortedArray.java:80)
	at arrays.SearchInRotatedSortedArray.checkIndexAtWhichIndexRotationHasHappened(SearchInRotatedSortedArray.java:80)
	at arrays.SearchInRotatedSortedArray.checkIndexAtWhichIndexRotationHasHappened(SearchInRotatedSortedArray.java:80)
	at arrays.SearchInRotatedSortedArray.checkIndexAtWhichIndexRotationHasHappened(SearchInRotatedSortedArray.java:80)
	at arrays.SearchInRotatedSortedArray.checkIndexAtWhichIndexRotationHasHappened(SearchInRotatedSortedArray.java:80)
	at arrays.SearchInRotatedSortedArray.checkIndexAtWhichIndexRotationHasHappened(SearchInRotatedSortedArray.java:80)
	at arrays.SearchInRotatedSortedArray.checkIndexAtWhichIndexRotationHasHappened(SearchInRotatedSortedArray.java:80)
	at arrays.SearchInRotatedSortedArray.checkIndexAtWhichIndexRotationHasHappened(SearchInRotatedSortedArray.java:80)
	at arrays.SearchInRotatedSortedArray.checkIndexAtWhichIndexRotationHasHappened(SearchInRotatedSortedArray.java:80)
	at arrays.SearchInRotatedSortedArray.checkIndexAtWhichIndexRotationHasHappened(SearchInRotatedSortedArray.java:80)
	at arrays.SearchInRotatedSortedArray.checkIndexAtWhichIndexRotationHasHappened(SearchInRotatedSortedArray.java:80)
	at arrays.SearchInRotatedSortedArray.checkIndexAtWhichIndexRotationHasHappened(SearchInRotatedSortedArray.java:80)
	at arrays.SearchInRotatedSortedArray.checkIndexAtWhichIndexRotationHasHappened(SearchInRotatedSortedArray.java:80)
	at arrays.SearchInRotatedSortedArray.checkIndexAtWhichIndexRotationHasHappened(SearchInRotatedSortedArray.java:80)
	at arrays.SearchInRotatedSortedArray.checkIndexAtWhichIndexRotationHasHappened(SearchInRotatedSortedArray.java:80)
	at arrays.SearchInRotatedSortedArray.checkIndexAtWhichIndexRotationHasHappened(SearchInRotatedSortedArray.java:80)
	at arrays.SearchInRotatedSortedArray.checkIndexAtWhichIndexRotationHasHappened(SearchInRotatedSortedArray.java:80)
	at arrays.SearchInRotatedSortedArray.checkIndexAtWhichIndexRotationHasHappened(SearchInRotatedSortedArray.java:80)
	at arrays.SearchInRotatedSortedArray.checkIndexAtWhichIndexRotationHasHappened(SearchInRotatedSortedArray.java:80)
	at arrays.SearchInRotatedSortedArray.checkIndexAtWhichIndexRotationHasHappened(SearchInRotatedSortedArray.java:80)
	at arrays.SearchInRotatedSortedArray.checkIndexAtWhichIndexRotationHasHappened(SearchInRotatedSortedArray.java:80)
	at arrays.SearchInRotatedSortedArray.checkIndexAtWhichIndexRotationHasHappened(SearchInRotatedSortedArray.java:80)
	at arrays.SearchInRotatedSortedArray.checkIndexAtWhichIndexRotationHasHappened(SearchInRotatedSortedArray.java:80)
	at arrays.SearchInRotatedSortedArray.checkIndexAtWhichIndexRotationHasHappened(SearchInRotatedSortedArray.java:80)
	at arrays.SearchInRotatedSortedArray.checkIndexAtWhichIndexRotationHasHappened(SearchInRotatedSortedArray.java:80)
	at arrays.SearchInRotatedSortedArray.checkIndexAtWhichIndexRotationHasHappened(SearchInRotatedSortedArray.java:80)
	at arrays.SearchInRotatedSortedArray.checkIndexAtWhichIndexRotationHasHappened(SearchInRotatedSortedArray.java:80)
	at arrays.SearchInRotatedSortedArray.checkIndexAtWhichIndexRotationHasHappened(SearchInRotatedSortedArray.java:80)
	at arrays.SearchInRotatedSortedArray.checkIndexAtWhichIndexRotationHasHappened(SearchInRotatedSortedArray.java:80)
	at arrays.SearchInRotatedSortedArray.checkIndexAtWhichIndexRotationHasHappened(SearchInRotatedSortedArray.java:80)
	at arrays.SearchInRotatedSortedArray.checkIndexAtWhichIndexRotationHasHappened(SearchInRotatedSortedArray.java:80)
	at arrays.SearchInRotatedSortedArray.checkIndexAtWhichIndexRotationHasHappened(SearchInRotatedSortedArray.java:80)
	at arrays.SearchInRotatedSortedArray.checkIndexAtWhichIndexRotationHasHappened(SearchInRotatedSortedArray.java:80)
	at arrays.SearchInRotatedSortedArray.checkIndexAtWhichIndexRotationHasHappened(SearchInRotatedSortedArray.java:80)
	at arrays.SearchInRotatedSortedArray.checkIndexAtWhichIndexRotationHasHappened(SearchInRotatedSortedArray.java:80)
	at arrays.SearchInRotatedSortedArray.checkIndexAtWhichIndexRotationHasHappened(SearchInRotatedSortedArray.java:80)
	at arrays.SearchInRotatedSortedArray.checkIndexAtWhichIndexRotationHasHappened(SearchInRotatedSortedArray.java:80)
	at arrays.SearchInRotatedSortedArray.checkIndexAtWhichIndexRotationHasHappened(SearchInRotatedSortedArray.java:80)
	at arrays.SearchInRotatedSortedArray.checkIndexAtWhichIndexRotationHasHappened(SearchInRotatedSortedArray.java:80)
	at arrays.SearchInRotatedSortedArray.checkIndexAtWhichIndexRotationHasHappened(SearchInRotatedSortedArray.java:80)
	at arrays.SearchInRotatedSortedArray.checkIndexAtWhichIndexRotationHasHappened(SearchInRotatedSortedArray.java:80)
	at arrays.SearchInRotatedSortedArray.checkIndexAtWhichIndexRotationHasHappened(SearchInRotatedSortedArray.java:80)
	at arrays.SearchInRotatedSortedArray.checkIndexAtWhichIndexRotationHasHappened(SearchInRotatedSortedArray.java:80)
	at arrays.SearchInRotatedSortedArray.checkIndexAtWhichIndexRotationHasHappened(SearchInRotatedSortedArray.java:80)
	at arrays.SearchInRotatedSortedArray.checkIndexAtWhichIndexRotationHasHappened(SearchInRotatedSortedArray.java:80)
	at arrays.SearchInRotatedSortedArray.checkIndexAtWhichIndexRotationHasHappened(SearchInRotatedSortedArray.java:80)
	at arrays.SearchInRotatedSortedArray.checkIndexAtWhichIndexRotationHasHappened(SearchInRotatedSortedArray.java:80)
	at arrays.SearchInRotatedSortedArray.checkIndexAtWhichIndexRotationHasHappened(SearchInRotatedSortedArray.java:80)
	at arrays.SearchInRotatedSortedArray.checkIndexAtWhichIndexRotationHasHappened(SearchInRotatedSortedArray.java:80)
	at arrays.SearchInRotatedSortedArray.checkIndexAtWhichIndexRotationHasHappened(SearchInRotatedSortedArray.java:80)
	at arrays.SearchInRotatedSortedArray.checkIndexAtWhichIndexRotationHasHappened(SearchInRotatedSortedArray.java:80)
	at arrays.SearchInRotatedSortedArray.checkIndexAtWhichIndexRotationHasHappened(SearchInRotatedSortedArray.java:80)
	at arrays.SearchInRotatedSortedArray.checkIndexAtWhichIndexRotationHasHappened(SearchInRotatedSortedArray.java:80)
	at arrays.SearchInRotatedSortedArray.checkIndexAtWhichIndexRotationHasHappened(SearchInRotatedSortedArray.java:80)
	at arrays.SearchInRotatedSortedArray.checkIndexAtWhichIndexRotationHasHappened(SearchInRotatedSortedArray.java:80)
	at arrays.SearchInRotatedSortedArray.checkIndexAtWhichIndexRotationHasHappened(SearchInRotatedSortedArray.java:80)
	at arrays.SearchInRotatedSortedArray.checkIndexAtWhichIndexRotationHasHappened(SearchInRotatedSortedArray.java:80)
	at arrays.SearchInRotatedSortedArray.checkIndexAtWhichIndexRotationHasHappened(SearchInRotatedSortedArray.java:80)
	at arrays.SearchInRotatedSortedArray.checkIndexAtWhichIndexRotationHasHappened(SearchInRotatedSortedArray.java:80)
	at arrays.SearchInRotatedSortedArray.checkIndexAtWhichIndexRotationHasHappened(SearchInRotatedSortedArray.java:80)
	at arrays.SearchInRotatedSortedArray.checkIndexAtWhichIndexRotationHasHappened(SearchInRotatedSortedArray.java:80)
	at arrays.SearchInRotatedSortedArray.checkIndexAtWhichIndexRotationHasHappened(SearchInRotatedSortedArray.java:80)
	at arrays.SearchInRotatedSortedArray.checkIndexAtWhichIndexRotationHasHappened(SearchInRotatedSortedArray.java:80)
	at arrays.SearchInRotatedSortedArray.checkIndexAtWhichIndexRotationHasHappened(SearchInRotatedSortedArray.java:80)
	at arrays.SearchInRotatedSortedArray.checkIndexAtWhichIndexRotationHasHappened(SearchInRotatedSortedArray.java:80)
	at arrays.SearchInRotatedSortedArray.checkIndexAtWhichIndexRotationHasHappened(SearchInRotatedSortedArray.java:80)
	at arrays.SearchInRotatedSortedArray.checkIndexAtWhichIndexRotationHasHappened(SearchInRotatedSortedArray.java:80)
	at arrays.SearchInRotatedSortedArray.checkIndexAtWhichIndexRotationHasHappened(SearchInRotatedSortedArray.java:80)
	at arrays.SearchInRotatedSortedArray.checkIndexAtWhichIndexRotationHasHappened(SearchInRotatedSortedArray.java:80)
	at arrays.SearchInRotatedSortedArray.checkIndexAtWhichIndexRotationHasHappened(SearchInRotatedSortedArray.java:80)
	at arrays.SearchInRotatedSortedArray.checkIndexAtWhichIndexRotationHasHappened(SearchInRotatedSortedArray.java:80)
	at arrays.SearchInRotatedSortedArray.checkIndexAtWhichIndexRotationHasHappened(SearchInRotatedSortedArray.java:80)
	at arrays.SearchInRotatedSortedArray.checkIndexAtWhichIndexRotationHasHappened(SearchInRotatedSortedArray.java:80)
	at arrays.SearchInRotatedSortedArray.checkIndexAtWhichIndexRotationHasHappened(SearchInRotatedSortedArray.java:80)
	at arrays.SearchInRotatedSortedArray.checkIndexAtWhichIndexRotationHasHappened(SearchInRotatedSortedArray.java:80)
	at arrays.SearchInRotatedSortedArray.checkIndexAtWhichIndexRotationHasHappened(SearchInRotatedSortedArray.java:80)
	at arrays.SearchInRotatedSortedArray.checkIndexAtWhichIndexRotationHasHappened(SearchInRotatedSortedArray.java:80)
	at arrays.SearchInRotatedSortedArray.checkIndexAtWhichIndexRotationHasHappened(SearchInRotatedSortedArray.java:80)
	at arrays.SearchInRotatedSortedArray.checkIndexAtWhichIndexRotationHasHappened(SearchInRotatedSortedArray.java:80)
	at arrays.SearchInRotatedSortedArray.checkIndexAtWhichIndexRotationHasHappened(SearchInRotatedSortedArray.java:80)
	at arrays.SearchInRotatedSortedArray.checkIndexAtWhichIndexRotationHasHappened(SearchInRotatedSortedArray.java:80)
	at arrays.SearchInRotatedSortedArray.checkIndexAtWhichIndexRotationHasHappened(SearchInRotatedSortedArray.java:80)
	at arrays.SearchInRotatedSortedArray.checkIndexAtWhichIndexRotationHasHappened(SearchInRotatedSortedArray.java:80)
	at arrays.SearchInRotatedSortedArray.checkIndexAtWhichIndexRotationHasHappened(SearchInRotatedSortedArray.java:80)
	at arrays.SearchInRotatedSortedArray.checkIndexAtWhichIndexRotationHasHappened(SearchInRotatedSortedArray.java:80)
	at arrays.SearchInRotatedSortedArray.checkIndexAtWhichIndexRotationHasHappened(SearchInRotatedSortedArray.java:80)
	at arrays.SearchInRotatedSortedArray.checkIndexAtWhichIndexRotationHasHappened(SearchInRotatedSortedArray.java:80)
	at arrays.SearchInRotatedSortedArray.checkIndexAtWhichIndexRotationHasHappened(SearchInRotatedSortedArray.java:80)
	at arrays.SearchInRotatedSortedArray.checkIndexAtWhichIndexRotationHasHappened(SearchInRotatedSortedArray.java:80)
	at arrays.SearchInRotatedSortedArray.checkIndexAtWhichIndexRotationHasHappened(SearchInRotatedSortedArray.java:80)
	at arrays.SearchInRotatedSortedArray.checkIndexAtWhichIndexRotationHasHappened(SearchInRotatedSortedArray.java:80)
	at arrays.SearchInRotatedSortedArray.checkIndexAtWhichIndexRotationHasHappened(SearchInRotatedSortedArray.java:80)
	at arrays.SearchInRotatedSortedArray.checkIndexAtWhichIndexRotationHasHappened(SearchInRotatedSortedArray.java:80)
	at arrays.SearchInRotatedSortedArray.checkIndexAtWhichIndexRotationHasHappened(SearchInRotatedSortedArray.java:80)
	at arrays.SearchInRotatedSortedArray.checkIndexAtWhichIndexRotationHasHappened(SearchInRotatedSortedArray.java:80)
	at arrays.SearchInRotatedSortedArray.checkIndexAtWhichIndexRotationHasHappened(SearchInRotatedSortedArray.java:80)
	at arrays.SearchInRotatedSortedArray.checkIndexAtWhichIndexRotationHasHappened(SearchInRotatedSortedArray.java:80)
	at arrays.SearchInRotatedSortedArray.checkIndexAtWhichIndexRotationHasHappened(SearchInRotatedSortedArray.java:80)
	at arrays.SearchInRotatedSortedArray.checkIndexAtWhichIndexRotationHasHappened(SearchInRotatedSortedArray.java:80)
	at arrays.SearchInRotatedSortedArray.checkIndexAtWhichIndexRotationHasHappened(SearchInRotatedSortedArray.java:80)
	at arrays.SearchInRotatedSortedArray.checkIndexAtWhichIndexRotationHasHappened(SearchInRotatedSortedArray.java:80)
	at arrays.SearchInRotatedSortedArray.checkIndexAtWhichIndexRotationHasHappened(SearchInRotatedSortedArray.java:80)
	at arrays.SearchInRotatedSortedArray.checkIndexAtWhichIndexRotationHasHappened(SearchInRotatedSortedArray.java:80)
	at arrays.SearchInRotatedSortedArray.checkIndexAtWhichIndexRotationHasHappened(SearchInRotatedSortedArray.java:80)
	at arrays.SearchInRotatedSortedArray.checkIndexAtWhichIndexRotationHasHappened(SearchInRotatedSortedArray.java:80)
	at arrays.SearchInRotatedSortedArray.checkIndexAtWhichIndexRotationHasHappened(SearchInRotatedSortedArray.java:80)
	at arrays.SearchInRotatedSortedArray.checkIndexAtWhichIndexRotationHasHappened(SearchInRotatedSortedArray.java:80)
	at arrays.SearchInRotatedSortedArray.checkIndexAtWhichIndexRotationHasHappened(SearchInRotatedSortedArray.java:80)
	at arrays.SearchInRotatedSortedArray.checkIndexAtWhichIndexRotationHasHappened(SearchInRotatedSortedArray.java:80)
	at arrays.SearchInRotatedSortedArray.checkIndexAtWhichIndexRotationHasHappened(SearchInRotatedSortedArray.java:80)
	at arrays.SearchInRotatedSortedArray.checkIndexAtWhichIndexRotationHasHappened(SearchInRotatedSortedArray.java:80)
	at arrays.SearchInRotatedSortedArray.checkIndexAtWhichIndexRotationHasHappened(SearchInRotatedSortedArray.java:80)
	at arrays.SearchInRotatedSortedArray.checkIndexAtWhichIndexRotationHasHappened(SearchInRotatedSortedArray.java:80)
	at arrays.SearchInRotatedSortedArray.checkIndexAtWhichIndexRotationHasHappened(SearchInRotatedSortedArray.java:80)
	at arrays.SearchInRotatedSortedArray.checkIndexAtWhichIndexRotationHasHappened(SearchInRotatedSortedArray.java:80)
	at arrays.SearchInRotatedSortedArray.checkIndexAtWhichIndexRotationHasHappened(SearchInRotatedSortedArray.java:80)
	at arrays.SearchInRotatedSortedArray.checkIndexAtWhichIndexRotationHasHappened(SearchInRotatedSortedArray.java:80)
	at arrays.SearchInRotatedSortedArray.checkIndexAtWhichIndexRotationHasHappened(SearchInRotatedSortedArray.java:80)
	at arrays.SearchInRotatedSortedArray.checkIndexAtWhichIndexRotationHasHappened(SearchInRotatedSortedArray.java:80)
	at arrays.SearchInRotatedSortedArray.checkIndexAtWhichIndexRotationHasHappened(SearchInRotatedSortedArray.java:80)
	at arrays.SearchInRotatedSortedArray.checkIndexAtWhichIndexRotationHasHappened(SearchInRotatedSortedArray.java:80)
	at arrays.SearchInRotatedSortedArray.checkIndexAtWhichIndexRotationHasHappened(SearchInRotatedSortedArray.java:80)
	at arrays.SearchInRotatedSortedArray.checkIndexAtWhichIndexRotationHasHappened(SearchInRotatedSortedArray.java:80)
	at arrays.SearchInRotatedSortedArray.checkIndexAtWhichIndexRotationHasHappened(SearchInRotatedSortedArray.java:80)
	at arrays.SearchInRotatedSortedArray.checkIndexAtWhichIndexRotationHasHappened(SearchInRotatedSortedArray.java:80)
	at arrays.SearchInRotatedSortedArray.checkIndexAtWhichIndexRotationHasHappened(SearchInRotatedSortedArray.java:80)
	at arrays.SearchInRotatedSortedArray.checkIndexAtWhichIndexRotationHasHappened(SearchInRotatedSortedArray.java:80)
	at arrays.SearchInRotatedSortedArray.checkIndexAtWhichIndexRotationHasHappened(SearchInRotatedSortedArray.java:80)
	at arrays.SearchInRotatedSortedArray.checkIndexAtWhichIndexRotationHasHappened(SearchInRotatedSortedArray.java:80)
	at arrays.SearchInRotatedSortedArray.checkIndexAtWhichIndexRotationHasHappened(SearchInRotatedSortedArray.java:80)
	at arrays.SearchInRotatedSortedArray.checkIndexAtWhichIndexRotationHasHappened(SearchInRotatedSortedArray.java:80)
	at arrays.SearchInRotatedSortedArray.checkIndexAtWhichIndexRotationHasHappened(SearchInRotatedSortedArray.java:80)
	at arrays.SearchInRotatedSortedArray.checkIndexAtWhichIndexRotationHasHappened(SearchInRotatedSortedArray.java:80)
	at arrays.SearchInRotatedSortedArray.checkIndexAtWhichIndexRotationHasHappened(SearchInRotatedSortedArray.java:80)
	at arrays.SearchInRotatedSortedArray.checkIndexAtWhichIndexRotationHasHappened(SearchInRotatedSortedArray.java:80)
	at arrays.SearchInRotatedSortedArray.checkIndexAtWhichIndexRotationHasHappened(SearchInRotatedSortedArray.java:80)
	at arrays.SearchInRotatedSortedArray.checkIndexAtWhichIndexRotationHasHappened(SearchInRotatedSortedArray.java:80)
	at arrays.SearchInRotatedSortedArray.checkIndexAtWhichIndexRotationHasHappened(SearchInRotatedSortedArray.java:80)
	at arrays.SearchInRotatedSortedArray.checkIndexAtWhichIndexRotationHasHappened(SearchInRotatedSortedArray.java:80)
	at arrays.SearchInRotatedSortedArray.checkIndexAtWhichIndexRotationHasHappened(SearchInRotatedSortedArray.java:80)
	at arrays.SearchInRotatedSortedArray.checkIndexAtWhichIndexRotationHasHappened(SearchInRotatedSortedArray.java:80)
	at arrays.SearchInRotatedSortedArray.checkIndexAtWhichIndexRotationHasHappened(SearchInRotatedSortedArray.java:80)
	at arrays.SearchInRotatedSortedArray.checkIndexAtWhichIndexRotationHasHappened(SearchInRotatedSortedArray.java:80)
	at arrays.SearchInRotatedSortedArray.checkIndexAtWhichIndexRotationHasHappened(SearchInRotatedSortedArray.java:80)
	at arrays.SearchInRotatedSortedArray.checkIndexAtWhichIndexRotationHasHappened(SearchInRotatedSortedArray.java:80)
	at arrays.SearchInRotatedSortedArray.checkIndexAtWhichIndexRotationHasHappened(SearchInRotatedSortedArray.java:80)
	at arrays.SearchInRotatedSortedArray.checkIndexAtWhichIndexRotationHasHappened(SearchInRotatedSortedArray.java:80)
	at arrays.SearchInRotatedSortedArray.checkIndexAtWhichIndexRotationHasHappened(SearchInRotatedSortedArray.java:80)
	at arrays.SearchInRotatedSortedArray.checkIndexAtWhichIndexRotationHasHappened(SearchInRotatedSortedArray.java:80)
	at arrays.SearchInRotatedSortedArray.checkIndexAtWhichIndexRotationHasHappened(SearchInRotatedSortedArray.java:80)
	at arrays.SearchInRotatedSortedArray.checkIndexAtWhichIndexRotationHasHappened(SearchInRotatedSortedArray.java:80)
	at arrays.SearchInRotatedSortedArray.checkIndexAtWhichIndexRotationHasHappened(SearchInRotatedSortedArray.java:80)
	at arrays.SearchInRotatedSortedArray.checkIndexAtWhichIndexRotationHasHappened(SearchInRotatedSortedArray.java:80)
	at arrays.SearchInRotatedSortedArray.checkIndexAtWhichIndexRotationHasHappened(SearchInRotatedSortedArray.java:80)
	at arrays.SearchInRotatedSortedArray.checkIndexAtWhichIndexRotationHasHappened(SearchInRotatedSortedArray.java:80)
	at arrays.SearchInRotatedSortedArray.checkIndexAtWhichIndexRotationHasHappened(SearchInRotatedSortedArray.java:80)
	at arrays.SearchInRotatedSortedArray.checkIndexAtWhichIndexRotationHasHappened(SearchInRotatedSortedArray.java:80)
	at arrays.SearchInRotatedSortedArray.checkIndexAtWhichIndexRotationHasHappened(SearchInRotatedSortedArray.java:80)
	at arrays.SearchInRotatedSortedArray.checkIndexAtWhichIndexRotationHasHappened(SearchInRotatedSortedArray.java:80)
	at arrays.SearchInRotatedSortedArray.checkIndexAtWhichIndexRotationHasHappened(SearchInRotatedSortedArray.java:80)
	at arrays.SearchInRotatedSortedArray.checkIndexAtWhichIndexRotationHasHappened(SearchInRotatedSortedArray.java:80)
	at arrays.SearchInRotatedSortedArray.checkIndexAtWhichIndexRotationHasHappened(SearchInRotatedSortedArray.java:80)
	at arrays.SearchInRotatedSortedArray.checkIndexAtWhichIndexRotationHasHappened(SearchInRotatedSortedArray.java:80)
	at arrays.SearchInRotatedSortedArray.checkIndexAtWhichIndexRotationHasHappened(SearchInRotatedSortedArray.java:80)
	at arrays.SearchInRotatedSortedArray.checkIndexAtWhichIndexRotationHasHappened(SearchInRotatedSortedArray.java:80)
	at arrays.SearchInRotatedSortedArray.checkIndexAtWhichIndexRotationHasHappened(SearchInRotatedSortedArray.java:80)
	at arrays.SearchInRotatedSortedArray.checkIndexAtWhichIndexRotationHasHappened(SearchInRotatedSortedArray.java:80)
	at arrays.SearchInRotatedSortedArray.checkIndexAtWhichIndexRotationHasHappened(SearchInRotatedSortedArray.java:80)
	at arrays.SearchInRotatedSortedArray.checkIndexAtWhichIndexRotationHasHappened(SearchInRotatedSortedArray.java:80)
	at arrays.SearchInRotatedSortedArray.checkIndexAtWhichIndexRotationHasHappened(SearchInRotatedSortedArray.java:80)
	at arrays.SearchInRotatedSortedArray.checkIndexAtWhichIndexRotationHasHappened(SearchInRotatedSortedArray.java:80)
	at arrays.SearchInRotatedSortedArray.checkIndexAtWhichIndexRotationHasHappened(SearchInRotatedSortedArray.java:80)
	at arrays.SearchInRotatedSortedArray.checkIndexAtWhichIndexRotationHasHappened(SearchInRotatedSortedArray.java:80)
	at arrays.SearchInRotatedSortedArray.checkIndexAtWhichIndexRotationHasHappened(SearchInRotatedSortedArray.java:80)
	at arrays.SearchInRotatedSortedArray.checkIndexAtWhichIndexRotationHasHappened(SearchInRotatedSortedArray.java:80)
	at arrays.SearchInRotatedSortedArray.checkIndexAtWhichIndexRotationHasHappened(SearchInRotatedSortedArray.java:80)
	at arrays.SearchInRotatedSortedArray.checkIndexAtWhichIndexRotationHasHappened(SearchInRotatedSortedArray.java:80)
	at arrays.SearchInRotatedSortedArray.checkIndexAtWhichIndexRotationHasHappened(SearchInRotatedSortedArray.java:80)
	at arrays.SearchInRotatedSortedArray.checkIndexAtWhichIndexRotationHasHappened(SearchInRotatedSortedArray.java:80)
	at arrays.SearchInRotatedSortedArray.checkIndexAtWhichIndexRotationHasHappened(SearchInRotatedSortedArray.java:80)
	at arrays.SearchInRotatedSortedArray.checkIndexAtWhichIndexRotationHasHappened(SearchInRotatedSortedArray.java:80)
	at arrays.SearchInRotatedSortedArray.checkIndexAtWhichIndexRotationHasHappened(SearchInRotatedSortedArray.java:80)
	at arrays.SearchInRotatedSortedArray.checkIndexAtWhichIndexRotationHasHappened(SearchInRotatedSortedArray.java:80)
	at arrays.SearchInRotatedSortedArray.checkIndexAtWhichIndexRotationHasHappened(SearchInRotatedSortedArray.java:80)
	at arrays.SearchInRotatedSortedArray.checkIndexAtWhichIndexRotationHasHappened(SearchInRotatedSortedArray.java:80)
	at arrays.SearchInRotatedSortedArray.checkIndexAtWhichIndexRotationHasHappened(SearchInRotatedSortedArray.java:80)
	at arrays.SearchInRotatedSortedArray.checkIndexAtWhichIndexRotationHasHappened(SearchInRotatedSortedArray.java:80)
	at arrays.SearchInRotatedSortedArray.checkIndexAtWhichIndexRotationHasHappened(SearchInRotatedSortedArray.java:80)
	at arrays.SearchInRotatedSortedArray.checkIndexAtWhichIndexRotationHasHappened(SearchInRotatedSortedArray.java:80)
	at arrays.SearchInRotatedSortedArray.checkIndexAtWhichIndexRotationHasHappened(SearchInRotatedSortedArray.java:80)
	at arrays.SearchInRotatedSortedArray.checkIndexAtWhichIndexRotationHasHappened(SearchInRotatedSortedArray.java:80)
	at arrays.SearchInRotatedSortedArray.checkIndexAtWhichIndexRotationHasHappened(SearchInRotatedSortedArray.java:80)
	at arrays.SearchInRotatedSortedArray.checkIndexAtWhichIndexRotationHasHappened(SearchInRotatedSortedArray.java:80)
	at arrays.SearchInRotatedSortedArray.checkIndexAtWhichIndexRotationHasHappened(SearchInRotatedSortedArray.java:80)
	at arrays.SearchInRotatedSortedArray.checkIndexAtWhichIndexRotationHasHappened(SearchInRotatedSortedArray.java:80)
	at arrays.SearchInRotatedSortedArray.checkIndexAtWhichIndexRotationHasHappened(SearchInRotatedSortedArray.java:80)
	at arrays.SearchInRotatedSortedArray.checkIndexAtWhichIndexRotationHasHappened(SearchInRotatedSortedArray.java:80)
	at arrays.SearchInRotatedSortedArray.checkIndexAtWhichIndexRotationHasHappened(SearchInRotatedSortedArray.java:80)
	at arrays.SearchInRotatedSortedArray.checkIndexAtWhichIndexRotationHasHappened(SearchInRotatedSortedArray.java:80)
	at arrays.SearchInRotatedSortedArray.checkIndexAtWhichIndexRotationHasHappened(SearchInRotatedSortedArray.java:80)
	at arrays.SearchInRotatedSortedArray.checkIndexAtWhichIndexRotationHasHappened(SearchInRotatedSortedArray.java:80)
	at arrays.SearchInRotatedSortedArray.checkIndexAtWhichIndexRotationHasHappened(SearchInRotatedSortedArray.java:80)
	at arrays.SearchInRotatedSortedArray.checkIndexAtWhichIndexRotationHasHappened(SearchInRotatedSortedArray.java:80)
	at arrays.SearchInRotatedSortedArray.checkIndexAtWhichIndexRotationHasHappened(SearchInRotatedSortedArray.java:80)
	at arrays.SearchInRotatedSortedArray.checkIndexAtWhichIndexRotationHasHappened(SearchInRotatedSortedArray.java:80)
	at arrays.SearchInRotatedSortedArray.checkIndexAtWhichIndexRotationHasHappened(SearchInRotatedSortedArray.java:80)
	at arrays.SearchInRotatedSortedArray.checkIndexAtWhichIndexRotationHasHappened(SearchInRotatedSortedArray.java:80)
	at arrays.SearchInRotatedSortedArray.checkIndexAtWhichIndexRotationHasHappened(SearchInRotatedSortedArray.java:80)
	at arrays.SearchInRotatedSortedArray.checkIndexAtWhichIndexRotationHasHappened(SearchInRotatedSortedArray.java:80)
	at arrays.SearchInRotatedSortedArray.checkIndexAtWhichIndexRotationHasHappened(SearchInRotatedSortedArray.java:80)
	at arrays.SearchInRotatedSortedArray.checkIndexAtWhichIndexRotationHasHappened(SearchInRotatedSortedArray.java:80)
	at arrays.SearchInRotatedSortedArray.checkIndexAtWhichIndexRotationHasHappened(SearchInRotatedSortedArray.java:80)
	at arrays.SearchInRotatedSortedArray.checkIndexAtWhichIndexRotationHasHappened(SearchInRotatedSortedArray.java:80)
	at arrays.SearchInRotatedSortedArray.checkIndexAtWhichIndexRotationHasHappened(SearchInRotatedSortedArray.java:80)
	at arrays.SearchInRotatedSortedArray.checkIndexAtWhichIndexRotationHasHappened(SearchInRotatedSortedArray.java:80)
	at arrays.SearchInRotatedSortedArray.checkIndexAtWhichIndexRotationHasHappened(SearchInRotatedSortedArray.java:80)
	at arrays.SearchInRotatedSortedArray.checkIndexAtWhichIndexRotationHasHappened(SearchInRotatedSortedArray.java:80)
	at arrays.SearchInRotatedSortedArray.checkIndexAtWhichIndexRotationHasHappened(SearchInRotatedSortedArray.java:80)
	at arrays.SearchInRotatedSortedArray.checkIndexAtWhichIndexRotationHasHappened(SearchInRotatedSortedArray.java:80)
	at arrays.SearchInRotatedSortedArray.checkIndexAtWhichIndexRotationHasHappened(SearchInRotatedSortedArray.java:80)
	at arrays.SearchInRotatedSortedArray.checkIndexAtWhichIndexRotationHasHappened(SearchInRotatedSortedArray.java:80)
	at arrays.SearchInRotatedSortedArray.checkIndexAtWhichIndexRotationHasHappened(SearchInRotatedSortedArray.java:80)
	at arrays.SearchInRotatedSortedArray.checkIndexAtWhichIndexRotationHasHappened(SearchInRotatedSortedArray.java:80)
	at arrays.SearchInRotatedSortedArray.checkIndexAtWhichIndexRotationHasHappened(SearchInRotatedSortedArray.java:80)
	at arrays.SearchInRotatedSortedArray.checkIndexAtWhichIndexRotationHasHappened(SearchInRotatedSortedArray.java:80)
	at arrays.SearchInRotatedSortedArray.checkIndexAtWhichIndexRotationHasHappened(SearchInRotatedSortedArray.java:80)
	at arrays.SearchInRotatedSortedArray.checkIndexAtWhichIndexRotationHasHappened(SearchInRotatedSortedArray.java:80)
	at arrays.SearchInRotatedSortedArray.checkIndexAtWhichIndexRotationHasHappened(SearchInRotatedSortedArray.java:80)
	at arrays.SearchInRotatedSortedArray.checkIndexAtWhichIndexRotationHasHappened(SearchInRotatedSortedArray.java:80)
	at arrays.SearchInRotatedSortedArray.checkIndexAtWhichIndexRotationHasHappened(SearchInRotatedSortedArray.java:80)
	at arrays.SearchInRotatedSortedArray.checkIndexAtWhichIndexRotationHasHappened(SearchInRotatedSortedArray.java:80)
	at arrays.SearchInRotatedSortedArray.checkIndexAtWhichIndexRotationHasHappened(SearchInRotatedSortedArray.java:80)
	at arrays.SearchInRotatedSortedArray.checkIndexAtWhichIndexRotationHasHappened(SearchInRotatedSortedArray.java:80)
	at arrays.SearchInRotatedSortedArray.checkIndexAtWhichIndexRotationHasHappened(SearchInRotatedSortedArray.java:80)
	at arrays.SearchInRotatedSortedArray.checkIndexAtWhichIndexRotationHasHappened(SearchInRotatedSortedArray.java:80)
	at arrays.SearchInRotatedSortedArray.checkIndexAtWhichIndexRotationHasHappened(SearchInRotatedSortedArray.java:80)
	at arrays.SearchInRotatedSortedArray.checkIndexAtWhichIndexRotationHasHappened(SearchInRotatedSortedArray.java:80)
	at arrays.SearchInRotatedSortedArray.checkIndexAtWhichIndexRotationHasHappened(SearchInRotatedSortedArray.java:80)
	at arrays.SearchInRotatedSortedArray.checkIndexAtWhichIndexRotationHasHappened(SearchInRotatedSortedArray.java:80)
	at arrays.SearchInRotatedSortedArray.checkIndexAtWhichIndexRotationHasHappened(SearchInRotatedSortedArray.java:80)
	at arrays.SearchInRotatedSortedArray.checkIndexAtWhichIndexRotationHasHappened(SearchInRotatedSortedArray.java:80)
	at arrays.SearchInRotatedSortedArray.checkIndexAtWhichIndexRotationHasHappened(SearchInRotatedSortedArray.java:80)
	at arrays.SearchInRotatedSortedArray.checkIndexAtWhichIndexRotationHasHappened(SearchInRotatedSortedArray.java:80)
	at arrays.SearchInRotatedSortedArray.checkIndexAtWhichIndexRotationHasHappened(SearchInRotatedSortedArray.java:80)
	at arrays.SearchInRotatedSortedArray.checkIndexAtWhichIndexRotationHasHappened(SearchInRotatedSortedArray.java:80)
	at arrays.SearchInRotatedSortedArray.checkIndexAtWhichIndexRotationHasHappened(SearchInRotatedSortedArray.java:80)
	at arrays.SearchInRotatedSortedArray.checkIndexAtWhichIndexRotationHasHappened(SearchInRotatedSortedArray.java:80)
	at arrays.SearchInRotatedSortedArray.checkIndexAtWhichIndexRotationHasHappened(SearchInRotatedSortedArray.java:80)
	at arrays.SearchInRotatedSortedArray.checkIndexAtWhichIndexRotationHasHappened(SearchInRotatedSortedArray.java:80)
	at arrays.SearchInRotatedSortedArray.checkIndexAtWhichIndexRotationHasHappened(SearchInRotatedSortedArray.java:80)
	at arrays.SearchInRotatedSortedArray.checkIndexAtWhichIndexRotationHasHappened(SearchInRotatedSortedArray.java:80)
	at arrays.SearchInRotatedSortedArray.checkIndexAtWhichIndexRotationHasHappened(SearchInRotatedSortedArray.java:80)
	at arrays.SearchInRotatedSortedArray.checkIndexAtWhichIndexRotationHasHappened(SearchInRotatedSortedArray.java:80)
	at arrays.SearchInRotatedSortedArray.checkIndexAtWhichIndexRotationHasHappened(SearchInRotatedSortedArray.java:80)
	at arrays.SearchInRotatedSortedArray.checkIndexAtWhichIndexRotationHasHappened(SearchInRotatedSortedArray.java:80)
	at arrays.SearchInRotatedSortedArray.checkIndexAtWhichIndexRotationHasHappened(SearchInRotatedSortedArray.java:80)
	at arrays.SearchInRotatedSortedArray.checkIndexAtWhichIndexRotationHasHappened(SearchInRotatedSortedArray.java:80)
	at arrays.SearchInRotatedSortedArray.checkIndexAtWhichIndexRotationHasHappened(SearchInRotatedSortedArray.java:80)
	at arrays.SearchInRotatedSortedArray.checkIndexAtWhichIndexRotationHasHappened(SearchInRotatedSortedArray.java:80)
	at arrays.SearchInRotatedSortedArray.checkIndexAtWhichIndexRotationHasHappened(SearchInRotatedSortedArray.java:80)
	at arrays.SearchInRotatedSortedArray.checkIndexAtWhichIndexRotationHasHappened(SearchInRotatedSortedArray.java:80)
	at arrays.SearchInRotatedSortedArray.checkIndexAtWhichIndexRotationHasHappened(SearchInRotatedSortedArray.java:80)
	at arrays.SearchInRotatedSortedArray.checkIndexAtWhichIndexRotationHasHappened(SearchInRotatedSortedArray.java:80)
	at arrays.SearchInRotatedSortedArray.checkIndexAtWhichIndexRotationHasHappened(SearchInRotatedSortedArray.java:80)
	at arrays.SearchInRotatedSortedArray.checkIndexAtWhichIndexRotationHasHappened(SearchInRotatedSortedArray.java:80)
	at arrays.SearchInRotatedSortedArray.checkIndexAtWhichIndexRotationHasHappened(SearchInRotatedSortedArray.java:80)
	at arrays.SearchInRotatedSortedArray.checkIndexAtWhichIndexRotationHasHappened(SearchInRotatedSortedArray.java:80)
	at arrays.SearchInRotatedSortedArray.checkIndexAtWhichIndexRotationHasHappened(SearchInRotatedSortedArray.java:80)
	at arrays.SearchInRotatedSortedArray.checkIndexAtWhichIndexRotationHasHappened(SearchInRotatedSortedArray.java:80)
	at arrays.SearchInRotatedSortedArray.checkIndexAtWhichIndexRotationHasHappened(SearchInRotatedSortedArray.java:80)
	at arrays.SearchInRotatedSortedArray.checkIndexAtWhichIndexRotationHasHappened(SearchInRotatedSortedArray.java:80)
	at arrays.SearchInRotatedSortedArray.checkIndexAtWhichIndexRotationHasHappened(SearchInRotatedSortedArray.java:80)
	at arrays.SearchInRotatedSortedArray.checkIndexAtWhichIndexRotationHasHappened(SearchInRotatedSortedArray.java:80)
	at arrays.SearchInRotatedSortedArray.checkIndexAtWhichIndexRotationHasHappened(SearchInRotatedSortedArray.java:80)
	at arrays.SearchInRotatedSortedArray.checkIndexAtWhichIndexRotationHasHappened(SearchInRotatedSortedArray.java:80)
	at arrays.SearchInRotatedSortedArray.checkIndexAtWhichIndexRotationHasHappened(SearchInRotatedSortedArray.java:80)
	at arrays.SearchInRotatedSortedArray.checkIndexAtWhichIndexRotationHasHappened(SearchInRotatedSortedArray.java:80)
	at arrays.SearchInRotatedSortedArray.checkIndexAtWhichIndexRotationHasHappened(SearchInRotatedSortedArray.java:80)
	at arrays.SearchInRotatedSortedArray.checkIndexAtWhichIndexRotationHasHappened(SearchInRotatedSortedArray.java:80)
	at arrays.SearchInRotatedSortedArray.checkIndexAtWhichIndexRotationHasHappened(SearchInRotatedSortedArray.java:80)
	at arrays.SearchInRotatedSortedArray.checkIndexAtWhichIndexRotationHasHappened(SearchInRotatedSortedArray.java:80)
	at arrays.SearchInRotatedSortedArray.checkIndexAtWhichIndexRotationHasHappened(SearchInRotatedSortedArray.java:80)
	at arrays.SearchInRotatedSortedArray.checkIndexAtWhichIndexRotationHasHappened(SearchInRotatedSortedArray.java:80)
	at arrays.SearchInRotatedSortedArray.checkIndexAtWhichIndexRotationHasHappened(SearchInRotatedSortedArray.java:80)
	at arrays.SearchInRotatedSortedArray.checkIndexAtWhichIndexRotationHasHappened(SearchInRotatedSortedArray.java:80)
	at arrays.SearchInRotatedSortedArray.checkIndexAtWhichIndexRotationHasHappened(SearchInRotatedSortedArray.java:80)
	at arrays.SearchInRotatedSortedArray.checkIndexAtWhichIndexRotationHasHappened(SearchInRotatedSortedArray.java:80)
	at arrays.SearchInRotatedSortedArray.checkIndexAtWhichIndexRotationHasHappened(SearchInRotatedSortedArray.java:80)
	at arrays.SearchInRotatedSortedArray.checkIndexAtWhichIndexRotationHasHappened(SearchInRotatedSortedArray.java:80)
	at arrays.SearchInRotatedSortedArray.checkIndexAtWhichIndexRotationHasHappened(SearchInRotatedSortedArray.java:80)
	at arrays.SearchInRotatedSortedArray.checkIndexAtWhichIndexRotationHasHappened(SearchInRotatedSortedArray.java:80)
	at arrays.SearchInRotatedSortedArray.checkIndexAtWhichIndexRotationHasHappened(SearchInRotatedSortedArray.java:80)
	at arrays.SearchInRotatedSortedArray.checkIndexAtWhichIndexRotationHasHappened(SearchInRotatedSortedArray.java:80)
	at arrays.SearchInRotatedSortedArray.checkIndexAtWhichIndexRotationHasHappened(SearchInRotatedSortedArray.java:80)
	at arrays.SearchInRotatedSortedArray.checkIndexAtWhichIndexRotationHasHappened(SearchInRotatedSortedArray.java:80)
	at arrays.SearchInRotatedSortedArray.checkIndexAtWhichIndexRotationHasHappened(SearchInRotatedSortedArray.java:80)
	at arrays.SearchInRotatedSortedArray.checkIndexAtWhichIndexRotationHasHappened(SearchInRotatedSortedArray.java:80)
	at arrays.SearchInRotatedSortedArray.checkIndexAtWhichIndexRotationHasHappened(SearchInRotatedSortedArray.java:80)
	at arrays.SearchInRotatedSortedArray.checkIndexAtWhichIndexRotationHasHappened(SearchInRotatedSortedArray.java:80)
	at arrays.SearchInRotatedSortedArray.checkIndexAtWhichIndexRotationHasHappened(SearchInRotatedSortedArray.java:80)
	at arrays.SearchInRotatedSortedArray.checkIndexAtWhichIndexRotationHasHappened(SearchInRotatedSortedArray.java:80)
	at arrays.SearchInRotatedSortedArray.checkIndexAtWhichIndexRotationHasHappened(SearchInRotatedSortedArray.java:80)
	at arrays.SearchInRotatedSortedArray.checkIndexAtWhichIndexRotationHasHappened(SearchInRotatedSortedArray.java:80)
	at arrays.SearchInRotatedSortedArray.checkIndexAtWhichIndexRotationHasHappened(SearchInRotatedSortedArray.java:80)
	at arrays.SearchInRotatedSortedArray.checkIndexAtWhichIndexRotationHasHappened(SearchInRotatedSortedArray.java:80)
	at arrays.SearchInRotatedSortedArray.checkIndexAtWhichIndexRotationHasHappened(SearchInRotatedSortedArray.java:80)
	at arrays.SearchInRotatedSortedArray.checkIndexAtWhichIndexRotationHasHappened(SearchInRotatedSortedArray.java:80)
	at arrays.SearchInRotatedSortedArray.checkIndexAtWhichIndexRotationHasHappened(SearchInRotatedSortedArray.java:80)
	at arrays.SearchInRotatedSortedArray.checkIndexAtWhichIndexRotationHasHappened(SearchInRotatedSortedArray.java:80)
	at arrays.SearchInRotatedSortedArray.checkIndexAtWhichIndexRotationHasHappened(SearchInRotatedSortedArray.java:80)
	at arrays.SearchInRotatedSortedArray.checkIndexAtWhichIndexRotationHasHappened(SearchInRotatedSortedArray.java:80)
	at arrays.SearchInRotatedSortedArray.checkIndexAtWhichIndexRotationHasHappened(SearchInRotatedSortedArray.java:80)
	at arrays.SearchInRotatedSortedArray.checkIndexAtWhichIndexRotationHasHappened(SearchInRotatedSortedArray.java:80)
	at arrays.SearchInRotatedSortedArray.checkIndexAtWhichIndexRotationHasHappened(SearchInRotatedSortedArray.java:80)
	at arrays.SearchInRotatedSortedArray.checkIndexAtWhichIndexRotationHasHappened(SearchInRotatedSortedArray.java:80)
	at arrays.SearchInRotatedSortedArray.checkIndexAtWhichIndexRotationHasHappened(SearchInRotatedSortedArray.java:80)
	at arrays.SearchInRotatedSortedArray.checkIndexAtWhichIndexRotationHasHappened(SearchInRotatedSortedArray.java:80)
	at arrays.SearchInRotatedSortedArray.checkIndexAtWhichIndexRotationHasHappened(SearchInRotatedSortedArray.java:80)
	at arrays.SearchInRotatedSortedArray.checkIndexAtWhichIndexRotationHasHappened(SearchInRotatedSortedArray.java:80)
	at arrays.SearchInRotatedSortedArray.checkIndexAtWhichIndexRotationHasHappened(SearchInRotatedSortedArray.java:80)
	at arrays.SearchInRotatedSortedArray.checkIndexAtWhichIndexRotationHasHappened(SearchInRotatedSortedArray.java:80)
	at arrays.SearchInRotatedSortedArray.checkIndexAtWhichIndexRotationHasHappened(SearchInRotatedSortedArray.java:80)
	at arrays.SearchInRotatedSortedArray.checkIndexAtWhichIndexRotationHasHappened(SearchInRotatedSortedArray.java:80)
	at arrays.SearchInRotatedSortedArray.checkIndexAtWhichIndexRotationHasHappened(SearchInRotatedSortedArray.java:80)
	at arrays.SearchInRotatedSortedArray.checkIndexAtWhichIndexRotationHasHappened(SearchInRotatedSortedArray.java:80)
	at arrays.SearchInRotatedSortedArray.checkIndexAtWhichIndexRotationHasHappened(SearchInRotatedSortedArray.java:80)
	at arrays.SearchInRotatedSortedArray.checkIndexAtWhichIndexRotationHasHappened(SearchInRotatedSortedArray.java:80)
	at arrays.SearchInRotatedSortedArray.checkIndexAtWhichIndexRotationHasHappened(SearchInRotatedSortedArray.java:80)
	at arrays.SearchInRotatedSortedArray.checkIndexAtWhichIndexRotationHasHappened(SearchInRotatedSortedArray.java:80)
	at arrays.SearchInRotatedSortedArray.checkIndexAtWhichIndexRotationHasHappened(SearchInRotatedSortedArray.java:80)
	at arrays.SearchInRotatedSortedArray.checkIndexAtWhichIndexRotationHasHappened(SearchInRotatedSortedArray.java:80)
	at arrays.SearchInRotatedSortedArray.checkIndexAtWhichIndexRotationHasHappened(SearchInRotatedSortedArray.java:80)
	at arrays.SearchInRotatedSortedArray.checkIndexAtWhichIndexRotationHasHappened(SearchInRotatedSortedArray.java:80)
	at arrays.SearchInRotatedSortedArray.checkIndexAtWhichIndexRotationHasHappened(SearchInRotatedSortedArray.java:80)
	at arrays.SearchInRotatedSortedArray.checkIndexAtWhichIndexRotationHasHappened(SearchInRotatedSortedArray.java:80)
	at arrays.SearchInRotatedSortedArray.checkIndexAtWhichIndexRotationHasHappened(SearchInRotatedSortedArray.java:80)
	at arrays.SearchInRotatedSortedArray.checkIndexAtWhichIndexRotationHasHappened(SearchInRotatedSortedArray.java:80)
	at arrays.SearchInRotatedSortedArray.checkIndexAtWhichIndexRotationHasHappened(SearchInRotatedSortedArray.java:80)
	at arrays.SearchInRotatedSortedArray.checkIndexAtWhichIndexRotationHasHappened(SearchInRotatedSortedArray.java:80)
	at arrays.SearchInRotatedSortedArray.checkIndexAtWhichIndexRotationHasHappened(SearchInRotatedSortedArray.java:80)
	at arrays.SearchInRotatedSortedArray.checkIndexAtWhichIndexRotationHasHappened(SearchInRotatedSortedArray.java:80)
	at arrays.SearchInRotatedSortedArray.checkIndexAtWhichIndexRotationHasHappened(SearchInRotatedSortedArray.java:80)
	at arrays.SearchInRotatedSortedArray.checkIndexAtWhichIndexRotationHasHappened(SearchInRotatedSortedArray.java:80)
	at arrays.SearchInRotatedSortedArray.checkIndexAtWhichIndexRotationHasHappened(SearchInRotatedSortedArray.java:80)
	at arrays.SearchInRotatedSortedArray.checkIndexAtWhichIndexRotationHasHappened(SearchInRotatedSortedArray.java:80)
	at arrays.SearchInRotatedSortedArray.checkIndexAtWhichIndexRotationHasHappened(SearchInRotatedSortedArray.java:80)
	at arrays.SearchInRotatedSortedArray.checkIndexAtWhichIndexRotationHasHappened(SearchInRotatedSortedArray.java:80)
	at arrays.SearchInRotatedSortedArray.checkIndexAtWhichIndexRotationHasHappened(SearchInRotatedSortedArray.java:80)
	at arrays.SearchInRotatedSortedArray.checkIndexAtWhichIndexRotationHasHappened(SearchInRotatedSortedArray.java:80)
	at arrays.SearchInRotatedSortedArray.checkIndexAtWhichIndexRotationHasHappened(SearchInRotatedSortedArray.java:80)
	at arrays.SearchInRotatedSortedArray.checkIndexAtWhichIndexRotationHasHappened(SearchInRotatedSortedArray.java:80)
	at arrays.SearchInRotatedSortedArray.checkIndexAtWhichIndexRotationHasHappened(SearchInRotatedSortedArray.java:80)
	at arrays.SearchInRotatedSortedArray.checkIndexAtWhichIndexRotationHasHappened(SearchInRotatedSortedArray.java:80)
	at arrays.SearchInRotatedSortedArray.checkIndexAtWhichIndexRotationHasHappened(SearchInRotatedSortedArray.java:80)
	at arrays.SearchInRotatedSortedArray.checkIndexAtWhichIndexRotationHasHappened(SearchInRotatedSortedArray.java:80)
	at arrays.SearchInRotatedSortedArray.checkIndexAtWhichIndexRotationHasHappened(SearchInRotatedSortedArray.java:80)
	at arrays.SearchInRotatedSortedArray.checkIndexAtWhichIndexRotationHasHappened(SearchInRotatedSortedArray.java:80)
	at arrays.SearchInRotatedSortedArray.checkIndexAtWhichIndexRotationHasHappened(SearchInRotatedSortedArray.java:80)
	at arrays.SearchInRotatedSortedArray.checkIndexAtWhichIndexRotationHasHappened(SearchInRotatedSortedArray.java:80)
	at arrays.SearchInRotatedSortedArray.checkIndexAtWhichIndexRotationHasHappened(SearchInRotatedSortedArray.java:80)
	at arrays.SearchInRotatedSortedArray.checkIndexAtWhichIndexRotationHasHappened(SearchInRotatedSortedArray.java:80)
	at arrays.SearchInRotatedSortedArray.checkIndexAtWhichIndexRotationHasHappened(SearchInRotatedSortedArray.java:80)
	at arrays.SearchInRotatedSortedArray.checkIndexAtWhichIndexRotationHasHappened(SearchInRotatedSortedArray.java:80)
	at arrays.SearchInRotatedSortedArray.checkIndexAtWhichIndexRotationHasHappened(SearchInRotatedSortedArray.java:80)
	at arrays.SearchInRotatedSortedArray.checkIndexAtWhichIndexRotationHasHappened(SearchInRotatedSortedArray.java:80)
	at arrays.SearchInRotatedSortedArray.checkIndexAtWhichIndexRotationHasHappened(SearchInRotatedSortedArray.java:80)
	at arrays.SearchInRotatedSortedArray.checkIndexAtWhichIndexRotationHasHappened(SearchInRotatedSortedArray.java:80)
	at arrays.SearchInRotatedSortedArray.checkIndexAtWhichIndexRotationHasHappened(SearchInRotatedSortedArray.java:80)
	at arrays.SearchInRotatedSortedArray.checkIndexAtWhichIndexRotationHasHappened(SearchInRotatedSortedArray.java:80)
	at arrays.SearchInRotatedSortedArray.checkIndexAtWhichIndexRotationHasHappened(SearchInRotatedSortedArray.java:80)
	at arrays.SearchInRotatedSortedArray.checkIndexAtWhichIndexRotationHasHappened(SearchInRotatedSortedArray.java:80)
	at arrays.SearchInRotatedSortedArray.checkIndexAtWhichIndexRotationHasHappened(SearchInRotatedSortedArray.java:80)
	at arrays.SearchInRotatedSortedArray.checkIndexAtWhichIndexRotationHasHappened(SearchInRotatedSortedArray.java:80)
	at arrays.SearchInRotatedSortedArray.checkIndexAtWhichIndexRotationHasHappened(SearchInRotatedSortedArray.java:80)
	at arrays.SearchInRotatedSortedArray.checkIndexAtWhichIndexRotationHasHappened(SearchInRotatedSortedArray.java:80)
	at arrays.SearchInRotatedSortedArray.checkIndexAtWhichIndexRotationHasHappened(SearchInRotatedSortedArray.java:80)
	at arrays.SearchInRotatedSortedArray.checkIndexAtWhichIndexRotationHasHappened(SearchInRotatedSortedArray.java:80)
	at arrays.SearchInRotatedSortedArray.checkIndexAtWhichIndexRotationHasHappened(SearchInRotatedSortedArray.java:80)
	at arrays.SearchInRotatedSortedArray.checkIndexAtWhichIndexRotationHasHappened(SearchInRotatedSortedArray.java:80)
	at arrays.SearchInRotatedSortedArray.checkIndexAtWhichIndexRotationHasHappened(SearchInRotatedSortedArray.java:80)
	at arrays.SearchInRotatedSortedArray.checkIndexAtWhichIndexRotationHasHappened(SearchInRotatedSortedArray.java:80)
	at arrays.SearchInRotatedSortedArray.checkIndexAtWhichIndexRotationHasHappened(SearchInRotatedSortedArray.java:80)
	at arrays.SearchInRotatedSortedArray.checkIndexAtWhichIndexRotationHasHappened(SearchInRotatedSortedArray.java:80)
	at arrays.SearchInRotatedSortedArray.checkIndexAtWhichIndexRotationHasHappened(SearchInRotatedSortedArray.java:80)
	at arrays.SearchInRotatedSortedArray.checkIndexAtWhichIndexRotationHasHappened(SearchInRotatedSortedArray.java:80)
	at arrays.SearchInRotatedSortedArray.checkIndexAtWhichIndexRotationHasHappened(SearchInRotatedSortedArray.java:80)
	at arrays.SearchInRotatedSortedArray.checkIndexAtWhichIndexRotationHasHappened(SearchInRotatedSortedArray.java:80)
	at arrays.SearchInRotatedSortedArray.checkIndexAtWhichIndexRotationHasHappened(SearchInRotatedSortedArray.java:80)
	at arrays.SearchInRotatedSortedArray.checkIndexAtWhichIndexRotationHasHappened(SearchInRotatedSortedArray.java:80)
	at arrays.SearchInRotatedSortedArray.checkIndexAtWhichIndexRotationHasHappened(SearchInRotatedSortedArray.java:80)
	at arrays.SearchInRotatedSortedArray.checkIndexAtWhichIndexRotationHasHappened(SearchInRotatedSortedArray.java:80)
	at arrays.SearchInRotatedSortedArray.checkIndexAtWhichIndexRotationHasHappened(SearchInRotatedSortedArray.java:80)
	at arrays.SearchInRotatedSortedArray.checkIndexAtWhichIndexRotationHasHappened(SearchInRotatedSortedArray.java:80)
	at arrays.SearchInRotatedSortedArray.checkIndexAtWhichIndexRotationHasHappened(SearchInRotatedSortedArray.java:80)
	at arrays.SearchInRotatedSortedArray.checkIndexAtWhichIndexRotationHasHappened(SearchInRotatedSortedArray.java:80)
	at arrays.SearchInRotatedSortedArray.checkIndexAtWhichIndexRotationHasHappened(SearchInRotatedSortedArray.java:80)
	at arrays.SearchInRotatedSortedArray.checkIndexAtWhichIndexRotationHasHappened(SearchInRotatedSortedArray.java:80)
	at arrays.SearchInRotatedSortedArray.checkIndexAtWhichIndexRotationHasHappened(SearchInRotatedSortedArray.java:80)
	at arrays.SearchInRotatedSortedArray.checkIndexAtWhichIndexRotationHasHappened(SearchInRotatedSortedArray.java:80)
	at arrays.SearchInRotatedSortedArray.checkIndexAtWhichIndexRotationHasHappened(SearchInRotatedSortedArray.java:80)
	at arrays.SearchInRotatedSortedArray.checkIndexAtWhichIndexRotationHasHappened(SearchInRotatedSortedArray.java:80)
	at arrays.SearchInRotatedSortedArray.checkIndexAtWhichIndexRotationHasHappened(SearchInRotatedSortedArray.java:80)
	at arrays.SearchInRotatedSortedArray.checkIndexAtWhichIndexRotationHasHappened(SearchInRotatedSortedArray.java:80)
	at arrays.SearchInRotatedSortedArray.checkIndexAtWhichIndexRotationHasHappened(SearchInRotatedSortedArray.java:80)
[...]
	at arrays.SearchInRotatedSortedArray.checkIndexAtWhichIndexRotationHasHappened(SearchInRotatedSortedArray.java:80)
	at arrays.SearchInRotatedSortedArray.checkIndexAtWhichIndexRotationHasHappened(SearchInRotatedSortedArray.java:80)
	at arrays.SearchInRotatedSortedArray.checkIndexAtWhichIndexRotationHasHappened(SearchInRotatedSortedArray.java:80)
	at arrays.SearchInRotatedSortedArray.checkIndexAtWhichIndexRotationHasHappened(SearchInRotatedSortedArray.java:80)
	at arrays.SearchInRotatedSortedArray.checkIndexAtWhichIndexRotationHasHappened(SearchInRotatedSortedArray.java:80)
	at arrays.SearchInRotatedSortedArray.checkIndexAtWhichIndexRotationHasHappened(SearchInRotatedSortedArray.java:80)
	at arrays.SearchInRotatedSortedArray.checkIndexAtWhichIndexRotationHasHappened(SearchInRotatedSortedArray.java:80)
	at arrays.SearchInRotatedSortedArray.checkIndexAtWhichIndexRotationHasHappened(SearchInRotatedSortedArray.java:80)
	at arrays.SearchInRotatedSortedArray.checkIndexAtWhichIndexRotationHasHappened(SearchInRotatedSortedArray.java:80)
	at arrays.SearchInRotatedSortedArray.checkIndexAtWhichIndexRotationHasHappened(SearchInRotatedSortedArray.java:80)
	at arrays.SearchInRotatedSortedArray.checkIndexAtWhichIndexRotationHasHappened(SearchInRotatedSortedArray.java:80)
	at arrays.SearchInRotatedSortedArray.checkIndexAtWhichIndexRotationHasHappened(SearchInRotatedSortedArray.java:80)
	at arrays.SearchInRotatedSortedArray.checkIndexAtWhichIndexRotationHasHappened(SearchInRotatedSortedArray.java:80)
	at arrays.SearchInRotatedSortedArray.checkIndexAtWhichIndexRotationHasHappened(SearchInRotatedSortedArray.java:80)
	at arrays.SearchInRotatedSortedArray.checkIndexAtWhichIndexRotationHasHappened(SearchInRotatedSortedArray.java:80)
	at arrays.SearchInRotatedSortedArray.checkIndexAtWhichIndexRotationHasHappened(SearchInRotatedSortedArray.java:80)
	at arrays.SearchInRotatedSortedArray.checkIndexAtWhichIndexRotationHasHappened(SearchInRotatedSortedArray.java:80)
	at arrays.SearchInRotatedSortedArray.checkIndexAtWhichIndexRotationHasHappened(SearchInRotatedSortedArray.java:80)
	at arrays.SearchInRotatedSortedArray.checkIndexAtWhichIndexRotationHasHappened(SearchInRotatedSortedArray.java:80)
	at arrays.SearchInRotatedSortedArray.checkIndexAtWhichIndexRotationHasHappened(SearchInRotatedSortedArray.java:80)
	at arrays.SearchInRotatedSortedArray.checkIndexAtWhichIndexRotationHasHappened(SearchInRotatedSortedArray.java:80)
	at arrays.SearchInRotatedSortedArray.checkIndexAtWhichIndexRotationHasHappened(SearchInRotatedSortedArray.java:80)
	at arrays.SearchInRotatedSortedArray.checkIndexAtWhichIndexRotationHasHappened(SearchInRotatedSortedArray.java:80)
	at arrays.SearchInRotatedSortedArray.checkIndexAtWhichIndexRotationHasHappened(SearchInRotatedSortedArray.java:80)
	at arrays.SearchInRotatedSortedArray.checkIndexAtWhichIndexRotationHasHappened(SearchInRotatedSortedArray.java:80)
	at arrays.SearchInRotatedSortedArray.checkIndexAtWhichIndexRotationHasHappened(SearchInRotatedSortedArray.java:80)
	at arrays.SearchInRotatedSortedArray.checkIndexAtWhichIndexRotationHasHappened(SearchInRotatedSortedArray.java:80)
	at arrays.SearchInRotatedSortedArray.checkIndexAtWhichIndexRotationHasHappened(SearchInRotatedSortedArray.java:80)
	at arrays.SearchInRotatedSortedArray.checkIndexAtWhichIndexRotationHasHappened(SearchInRotatedSortedArray.java:80)
	at arrays.SearchInRotatedSortedArray.checkIndexAtWhichIndexRotationHasHappened(SearchInRotatedSortedArray.java:80)
	at arrays.SearchInRotatedSortedArray.checkIndexAtWhichIndexRotationHasHappened(SearchInRotatedSortedArray.java:80)
	at arrays.SearchInRotatedSortedArray.checkIndexAtWhichIndexRotationHasHappened(SearchInRotatedSortedArray.java:80)
	at arrays.SearchInRotatedSortedArray.checkIndexAtWhichIndexRotationHasHappened(SearchInRotatedSortedArray.java:80)
	at arrays.SearchInRotatedSortedArray.checkIndexAtWhichIndexRotationHasHappened(SearchInRotatedSortedArray.java:80)
	at arrays.SearchInRotatedSortedArray.checkIndexAtWhichIndexRotationHasHappened(SearchInRotatedSortedArray.java:80)
	at arrays.SearchInRotatedSortedArray.checkIndexAtWhichIndexRotationHasHappened(SearchInRotatedSortedArray.java:80)
	at arrays.SearchInRotatedSortedArray.checkIndexAtWhichIndexRotationHasHappened(SearchInRotatedSortedArray.java:80)
	at arrays.SearchInRotatedSortedArray.checkIndexAtWhichIndexRotationHasHappened(SearchInRotatedSortedArray.java:80)
	at arrays.SearchInRotatedSortedArray.checkIndexAtWhichIndexRotationHasHappened(SearchInRotatedSortedArray.java:80)
	at arrays.SearchInRotatedSortedArray.checkIndexAtWhichIndexRotationHasHappened(SearchInRotatedSortedArray.java:80)
	at arrays.SearchInRotatedSortedArray.checkIndexAtWhichIndexRotationHasHappened(SearchInRotatedSortedArray.java:80)
	at arrays.SearchInRotatedSortedArray.checkIndexAtWhichIndexRotationHasHappened(SearchInRotatedSortedArray.java:80)
	at arrays.SearchInRotatedSortedArray.checkIndexAtWhichIndexRotationHasHappened(SearchInRotatedSortedArray.java:80)
	at arrays.SearchInRotatedSortedArray.checkIndexAtWhichIndexRotationHasHappened(SearchInRotatedSortedArray.java:80)
	at arrays.SearchInRotatedSortedArray.checkIndexAtWhichIndexRotationHasHappened(SearchInRotatedSortedArray.java:80)
	at arrays.SearchInRotatedSortedArray.checkIndexAtWhichIndexRotationHasHappened(SearchInRotatedSortedArray.java:80)
	at arrays.SearchInRotatedSortedArray.checkIndexAtWhichIndexRotationHasHappened(SearchInRotatedSortedArray.java:80)
	at arrays.SearchInRotatedSortedArray.checkIndexAtWhichIndexRotationHasHappened(SearchInRotatedSortedArray.java:80)
	at arrays.SearchInRotatedSortedArray.checkIndexAtWhichIndexRotationHasHappened(SearchInRotatedSortedArray.java:80)
	at arrays.SearchInRotatedSortedArray.checkIndexAtWhichIndexRotationHasHappened(SearchInRotatedSortedArray.java:80)
	at arrays.SearchInRotatedSortedArray.checkIndexAtWhichIndexRotationHasHappened(SearchInRotatedSortedArray.java:80)
	at arrays.SearchInRotatedSortedArray.checkIndexAtWhichIndexRotationHasHappened(SearchInRotatedSortedArray.java:80)
	at arrays.SearchInRotatedSortedArray.checkIndexAtWhichIndexRotationHasHappened(SearchInRotatedSortedArray.java:80)
	at arrays.SearchInRotatedSortedArray.checkIndexAtWhichIndexRotationHasHappened(SearchInRotatedSortedArray.java:80)
	at arrays.SearchInRotatedSortedArray.checkIndexAtWhichIndexRotationHasHappened(SearchInRotatedSortedArray.java:80)
	at arrays.SearchInRotatedSortedArray.checkIndexAtWhichIndexRotationHasHappened(SearchInRotatedSortedArray.java:80)
	at arrays.SearchInRotatedSortedArray.checkIndexAtWhichIndexRotationHasHappened(SearchInRotatedSortedArray.java:80)
	at arrays.SearchInRotatedSortedArray.checkIndexAtWhichIndexRotationHasHappened(SearchInRotatedSortedArray.java:80)
	at arrays.SearchInRotatedSortedArray.checkIndexAtWhichIndexRotationHasHappened(SearchInRotatedSortedArray.java:80)
	at arrays.SearchInRotatedSortedArray.checkIndexAtWhichIndexRotationHasHappened(SearchInRotatedSortedArray.java:80)
	at arrays.SearchInRotatedSortedArray.checkIndexAtWhichIndexRotationHasHappened(SearchInRotatedSortedArray.java:80)
	at arrays.SearchInRotatedSortedArray.checkIndexAtWhichIndexRotationHasHappened(SearchInRotatedSortedArray.java:80)
	at arrays.SearchInRotatedSortedArray.checkIndexAtWhichIndexRotationHasHappened(SearchInRotatedSortedArray.java:80)
	at arrays.SearchInRotatedSortedArray.checkIndexAtWhichIndexRotationHasHappened(SearchInRotatedSortedArray.java:80)
	at arrays.SearchInRotatedSortedArray.checkIndexAtWhichIndexRotationHasHappened(SearchInRotatedSortedArray.java:80)
	at arrays.SearchInRotatedSortedArray.checkIndexAtWhichIndexRotationHasHappened(SearchInRotatedSortedArray.java:80)
	at arrays.SearchInRotatedSortedArray.checkIndexAtWhichIndexRotationHasHappened(SearchInRotatedSortedArray.java:80)
	at arrays.SearchInRotatedSortedArray.checkIndexAtWhichIndexRotationHasHappened(SearchInRotatedSortedArray.java:80)
	at arrays.SearchInRotatedSortedArray.checkIndexAtWhichIndexRotationHasHappened(SearchInRotatedSortedArray.java:80)
	at arrays.SearchInRotatedSortedArray.checkIndexAtWhichIndexRotationHasHappened(SearchInRotatedSortedArray.java:80)
	at arrays.SearchInRotatedSortedArray.checkIndexAtWhichIndexRotationHasHappened(SearchInRotatedSortedArray.java:80)
	at arrays.SearchInRotatedSortedArray.checkIndexAtWhichIndexRotationHasHappened(SearchInRotatedSortedArray.java:80)
	at arrays.SearchInRotatedSortedArray.checkIndexAtWhichIndexRotationHasHappened(SearchInRotatedSortedArray.java:80)
	at arrays.SearchInRotatedSortedArray.checkIndexAtWhichIndexRotationHasHappened(SearchInRotatedSortedArray.java:80)
	at arrays.SearchInRotatedSortedArray.checkIndexAtWhichIndexRotationHasHappened(SearchInRotatedSortedArray.java:80)
	at arrays.SearchInRotatedSortedArray.checkIndexAtWhichIndexRotationHasHappened(SearchInRotatedSortedArray.java:80)
	at arrays.SearchInRotatedSortedArray.checkIndexAtWhichIndexRotationHasHappened(SearchInRotatedSortedArray.java:80)
	at arrays.SearchInRotatedSortedArray.checkIndexAtWhichIndexRotationHasHappened(SearchInRotatedSortedArray.java:80)
	at arrays.SearchInRotatedSortedArray.checkIndexAtWhichIndexRotationHasHappened(SearchInRotatedSortedArray.java:80)
	at arrays.SearchInRotatedSortedArray.checkIndexAtWhichIndexRotationHasHappened(SearchInRotatedSortedArray.java:80)
	at arrays.SearchInRotatedSortedArray.checkIndexAtWhichIndexRotationHasHappened(SearchInRotatedSortedArray.java:80)
	at arrays.SearchInRotatedSortedArray.checkIndexAtWhichIndexRotationHasHappened(SearchInRotatedSortedArray.java:80)
	at arrays.SearchInRotatedSortedArray.checkIndexAtWhichIndexRotationHasHappened(SearchInRotatedSortedArray.java:80)
	at arrays.SearchInRotatedSortedArray.checkIndexAtWhichIndexRotationHasHappened(SearchInRotatedSortedArray.java:80)
	at arrays.SearchInRotatedSortedArray.checkIndexAtWhichIndexRotationHasHappened(SearchInRotatedSortedArray.java:80)
	at arrays.SearchInRotatedSortedArray.checkIndexAtWhichIndexRotationHasHappened(SearchInRotatedSortedArray.java:80)
	at arrays.SearchInRotatedSortedArray.checkIndexAtWhichIndexRotationHasHappened(SearchInRotatedSortedArray.java:80)
	at arrays.SearchInRotatedSortedArray.checkIndexAtWhichIndexRotationHasHappened(SearchInRotatedSortedArray.java:80)
	at arrays.SearchInRotatedSortedArray.checkIndexAtWhichIndexRotationHasHappened(SearchInRotatedSortedArray.java:80)
	at arrays.SearchInRotatedSortedArray.checkIndexAtWhichIndexRotationHasHappened(SearchInRotatedSortedArray.java:80)
	at arrays.SearchInRotatedSortedArray.checkIndexAtWhichIndexRotationHasHappened(SearchInRotatedSortedArray.java:80)
	at arrays.SearchInRotatedSortedArray.checkIndexAtWhichIndexRotationHasHappened(SearchInRotatedSortedArray.java:80)
	at arrays.SearchInRotatedSortedArray.checkIndexAtWhichIndexRotationHasHappened(SearchInRotatedSortedArray.java:80)
	at arrays.SearchInRotatedSortedArray.checkIndexAtWhichIndexRotationHasHappened(SearchInRotatedSortedArray.java:80)
	at arrays.SearchInRotatedSortedArray.checkIndexAtWhichIndexRotationHasHappened(SearchInRotatedSortedArray.java:80)
	at arrays.SearchInRotatedSortedArray.checkIndexAtWhichIndexRotationHasHappened(SearchInRotatedSortedArray.java:80)
	at arrays.SearchInRotatedSortedArray.checkIndexAtWhichIndexRotationHasHappened(SearchInRotatedSortedArray.java:80)
	at arrays.SearchInRotatedSortedArray.checkIndexAtWhichIndexRotationHasHappened(SearchInRotatedSortedArray.java:80)
	at arrays.SearchInRotatedSortedArray.checkIndexAtWhichIndexRotationHasHappened(SearchInRotatedSortedArray.java:80)
	at arrays.SearchInRotatedSortedArray.checkIndexAtWhichIndexRotationHasHappened(SearchInRotatedSortedArray.java:80)
	at arrays.SearchInRotatedSortedArray.checkIndexAtWhichIndexRotationHasHappened(SearchInRotatedSortedArray.java:80)
	at arrays.SearchInRotatedSortedArray.checkIndexAtWhichIndexRotationHasHappened(SearchInRotatedSortedArray.java:80)
	at arrays.SearchInRotatedSortedArray.checkIndexAtWhichIndexRotationHasHappened(SearchInRotatedSortedArray.java:80)
	at arrays.SearchInRotatedSortedArray.checkIndexAtWhichIndexRotationHasHappened(SearchInRotatedSortedArray.java:80)
	at arrays.SearchInRotatedSortedArray.checkIndexAtWhichIndexRotationHasHappened(SearchInRotatedSortedArray.java:80)
	at arrays.SearchInRotatedSortedArray.checkIndexAtWhichIndexRotationHasHappened(SearchInRotatedSortedArray.java:80)
	at arrays.SearchInRotatedSortedArray.checkIndexAtWhichIndexRotationHasHappened(SearchInRotatedSortedArray.java:80)
	at arrays.SearchInRotatedSortedArray.checkIndexAtWhichIndexRotationHasHappened(SearchInRotatedSortedArray.java:80)
	at arrays.SearchInRotatedSortedArray.checkIndexAtWhichIndexRotationHasHappened(SearchInRotatedSortedArray.java:80)
	at arrays.SearchInRotatedSortedArray.checkIndexAtWhichIndexRotationHasHappened(SearchInRotatedSortedArray.java:80)
	at arrays.SearchInRotatedSortedArray.checkIndexAtWhichIndexRotationHasHappened(SearchInRotatedSortedArray.java:80)
	at arrays.SearchInRotatedSortedArray.checkIndexAtWhichIndexRotationHasHappened(SearchInRotatedSortedArray.java:80)
	at arrays.SearchInRotatedSortedArray.checkIndexAtWhichIndexRotationHasHappened(SearchInRotatedSortedArray.java:80)
	at arrays.SearchInRotatedSortedArray.checkIndexAtWhichIndexRotationHasHappened(SearchInRotatedSortedArray.java:80)
	at arrays.SearchInRotatedSortedArray.checkIndexAtWhichIndexRotationHasHappened(SearchInRotatedSortedArray.java:80)
	at arrays.SearchInRotatedSortedArray.checkIndexAtWhichIndexRotationHasHappened(SearchInRotatedSortedArray.java:80)
	at arrays.SearchInRotatedSortedArray.checkIndexAtWhichIndexRotationHasHappened(SearchInRotatedSortedArray.java:80)
	at arrays.SearchInRotatedSortedArray.checkIndexAtWhichIndexRotationHasHappened(SearchInRotatedSortedArray.java:80)
	at arrays.SearchInRotatedSortedArray.checkIndexAtWhichIndexRotationHasHappened(SearchInRotatedSortedArray.java:80)
	at arrays.SearchInRotatedSortedArray.checkIndexAtWhichIndexRotationHasHappened(SearchInRotatedSortedArray.java:80)
	at arrays.SearchInRotatedSortedArray.checkIndexAtWhichIndexRotationHasHappened(SearchInRotatedSortedArray.java:80)
	at arrays.SearchInRotatedSortedArray.checkIndexAtWhichIndexRotationHasHappened(SearchInRotatedSortedArray.java:80)
	at arrays.SearchInRotatedSortedArray.checkIndexAtWhichIndexRotationHasHappened(SearchInRotatedSortedArray.java:80)
	at arrays.SearchInRotatedSortedArray.checkIndexAtWhichIndexRotationHasHappened(SearchInRotatedSortedArray.java:80)
	at arrays.SearchInRotatedSortedArray.checkIndexAtWhichIndexRotationHasHappened(SearchInRotatedSortedArray.java:80)
	at arrays.SearchInRotatedSortedArray.checkIndexAtWhichIndexRotationHasHappened(SearchInRotatedSortedArray.java:80)
	at arrays.SearchInRotatedSortedArray.checkIndexAtWhichIndexRotationHasHappened(SearchInRotatedSortedArray.java:80)
	at arrays.SearchInRotatedSortedArray.checkIndexAtWhichIndexRotationHasHappened(SearchInRotatedSortedArray.java:80)
	at arrays.SearchInRotatedSortedArray.checkIndexAtWhichIndexRotationHasHappened(SearchInRotatedSortedArray.java:80)
	at arrays.SearchInRotatedSortedArray.checkIndexAtWhichIndexRotationHasHappened(SearchInRotatedSortedArray.java:80)
	at arrays.SearchInRotatedSortedArray.checkIndexAtWhichIndexRotationHasHappened(SearchInRotatedSortedArray.java:80)
	at arrays.SearchInRotatedSortedArray.checkIndexAtWhichIndexRotationHasHappened(SearchInRotatedSortedArray.java:80)
	at arrays.SearchInRotatedSortedArray.checkIndexAtWhichIndexRotationHasHappened(SearchInRotatedSortedArray.java:80)
	at arrays.SearchInRotatedSortedArray.checkIndexAtWhichIndexRotationHasHappened(SearchInRotatedSortedArray.java:80)
	at arrays.SearchInRotatedSortedArray.checkIndexAtWhichIndexRotationHasHappened(SearchInRotatedSortedArray.java:80)
	at arrays.SearchInRotatedSortedArray.checkIndexAtWhichIndexRotationHasHappened(SearchInRotatedSortedArray.java:80)
	at arrays.SearchInRotatedSortedArray.checkIndexAtWhichIndexRotationHasHappened(SearchInRotatedSortedArray.java:80)
	at arrays.SearchInRotatedSortedArray.checkIndexAtWhichIndexRotationHasHappened(SearchInRotatedSortedArray.java:80)
	at arrays.SearchInRotatedSortedArray.checkIndexAtWhichIndexRotationHasHappened(SearchInRotatedSortedArray.java:80)
	at arrays.SearchInRotatedSortedArray.checkIndexAtWhichIndexRotationHasHappened(SearchInRotatedSortedArray.java:80)
	at arrays.SearchInRotatedSortedArray.checkIndexAtWhichIndexRotationHasHappened(SearchInRotatedSortedArray.java:80)
	at arrays.SearchInRotatedSortedArray.checkIndexAtWhichIndexRotationHasHappened(SearchInRotatedSortedArray.java:80)
	at arrays.SearchInRotatedSortedArray.checkIndexAtWhichIndexRotationHasHappened(SearchInRotatedSortedArray.java:80)
	at arrays.SearchInRotatedSortedArray.checkIndexAtWhichIndexRotationHasHappened(SearchInRotatedSortedArray.java:80)
	at arrays.SearchInRotatedSortedArray.checkIndexAtWhichIndexRotationHasHappened(SearchInRotatedSortedArray.java:80)
	at arrays.SearchInRotatedSortedArray.checkIndexAtWhichIndexRotationHasHappened(SearchInRotatedSortedArray.java:80)
	at arrays.SearchInRotatedSortedArray.checkIndexAtWhichIndexRotationHasHappened(SearchInRotatedSortedArray.java:80)
	at arrays.SearchInRotatedSortedArray.checkIndexAtWhichIndexRotationHasHappened(SearchInRotatedSortedArray.java:80)
	at arrays.SearchInRotatedSortedArray.checkIndexAtWhichIndexRotationHasHappened(SearchInRotatedSortedArray.java:80)
	at arrays.SearchInRotatedSortedArray.checkIndexAtWhichIndexRotationHasHappened(SearchInRotatedSortedArray.java:80)
	at arrays.SearchInRotatedSortedArray.checkIndexAtWhichIndexRotationHasHappened(SearchInRotatedSortedArray.java:80)
	at arrays.SearchInRotatedSortedArray.checkIndexAtWhichIndexRotationHasHappened(SearchInRotatedSortedArray.java:80)
	at arrays.SearchInRotatedSortedArray.checkIndexAtWhichIndexRotationHasHappened(SearchInRotatedSortedArray.java:80)
	at arrays.SearchInRotatedSortedArray.checkIndexAtWhichIndexRotationHasHappened(SearchInRotatedSortedArray.java:80)
	at arrays.SearchInRotatedSortedArray.checkIndexAtWhichIndexRotationHasHappened(SearchInRotatedSortedArray.java:80)
	at arrays.SearchInRotatedSortedArray.checkIndexAtWhichIndexRotationHasHappened(SearchInRotatedSortedArray.java:80)
	at arrays.SearchInRotatedSortedArray.checkIndexAtWhichIndexRotationHasHappened(SearchInRotatedSortedArray.java:80)
	at arrays.SearchInRotatedSortedArray.checkIndexAtWhichIndexRotationHasHappened(SearchInRotatedSortedArray.java:80)
	at arrays.SearchInRotatedSortedArray.checkIndexAtWhichIndexRotationHasHappened(SearchInRotatedSortedArray.java:80)
	at arrays.SearchInRotatedSortedArray.checkIndexAtWhichIndexRotationHasHappened(SearchInRotatedSortedArray.java:80)
	at arrays.SearchInRotatedSortedArray.checkIndexAtWhichIndexRotationHasHappened(SearchInRotatedSortedArray.java:80)
	at arrays.SearchInRotatedSortedArray.checkIndexAtWhichIndexRotationHasHappened(SearchInRotatedSortedArray.java:80)
	at arrays.SearchInRotatedSortedArray.checkIndexAtWhichIndexRotationHasHappened(SearchInRotatedSortedArray.java:80)
	at arrays.SearchInRotatedSortedArray.checkIndexAtWhichIndexRotationHasHappened(SearchInRotatedSortedArray.java:80)
	at arrays.SearchInRotatedSortedArray.checkIndexAtWhichIndexRotationHasHappened(SearchInRotatedSortedArray.java:80)
	at arrays.SearchInRotatedSortedArray.checkIndexAtWhichIndexRotationHasHappened(SearchInRotatedSortedArray.java:80)
	at arrays.SearchInRotatedSortedArray.checkIndexAtWhichIndexRotationHasHappened(SearchInRotatedSortedArray.java:80)
	at arrays.SearchInRotatedSortedArray.checkIndexAtWhichIndexRotationHasHappened(SearchInRotatedSortedArray.java:80)
	at arrays.SearchInRotatedSortedArray.checkIndexAtWhichIndexRotationHasHappened(SearchInRotatedSortedArray.java:80)
	at arrays.SearchInRotatedSortedArray.checkIndexAtWhichIndexRotationHasHappened(SearchInRotatedSortedArray.java:80)
	at arrays.SearchInRotatedSortedArray.checkIndexAtWhichIndexRotationHasHappened(SearchInRotatedSortedArray.java:80)
	at arrays.SearchInRotatedSortedArray.checkIndexAtWhichIndexRotationHasHappened(SearchInRotatedSortedArray.java:80)

